[0.051s] Invoking command in '/home/podgem/leo_rover_project/ros2_ws/build/leo_gz_plugins': CMAKE_PREFIX_PATH=/opt/ros/humble PS1=(venv) \[\e]0;\u@\h: \w\a\]${debian_chroot:+($debian_chroot)}\[\033[01;32m\]\u@\h\[\033[00m\]:\[\033[01;34m\]\w\[\033[00m\]\$ VIRTUAL_ENV_PROMPT=(venv) /usr/bin/cmake /home/podgem/leo_rover_project/ros2_ws/src/leo_simulator-ros2/leo_gz_plugins -DCMAKE_INSTALL_PREFIX=/home/podgem/leo_rover_project/ros2_ws/install/leo_gz_plugins
[0.167s] -- The C compiler identification is GNU 11.4.0
[0.376s] -- The CXX compiler identification is GNU 11.4.0
[0.651s] -- Detecting C compiler ABI info
[0.755s] -- Detecting C compiler ABI info - done
[0.763s] -- Check for working C compiler: /usr/bin/cc - skipped
[0.764s] -- Detecting C compile features
[0.764s] -- Detecting C compile features - done
[0.765s] -- Detecting CXX compiler ABI info
[0.880s] -- Detecting CXX compiler ABI info - done
[0.888s] -- Check for working CXX compiler: /usr/bin/c++ - skipped
[0.888s] -- Detecting CXX compile features
[0.888s] -- Detecting CXX compile features - done
[0.891s] -- Found ament_cmake: 1.3.11 (/opt/ros/humble/share/ament_cmake/cmake)
[1.004s] -- Found Python3: /home/podgem/leo_rover_project/venv/bin/python3 (found version "3.10.12") found components: Interpreter 
[1.086s] -- Looking for ignition-plugin1 -- found version 1.4.0
[1.092s] -- Searching for dependencies of ignition-plugin1
[1.093s] -- Searching for <ignition-plugin1> component [register]
[1.094s] -- Looking for ignition-plugin1-register -- found version 1.4.0
[1.095s] -- Searching for dependencies of ignition-plugin1-register
[1.096s] -- Looking for ignition-gazebo6 -- found version 6.16.0
[1.097s] -- Searching for dependencies of ignition-gazebo6
[1.097s] -- Looking for sdformat12 -- found version 12.7.2
[1.098s] -- Searching for dependencies of sdformat12
[1.103s] -- Checking for module 'tinyxml2'
[1.113s] --   Found tinyxml2, version 9.0.0
[1.154s] -- Looking for ignition-math6 -- found version 6.15.1
[1.154s] -- Searching for dependencies of ignition-math6
[1.157s] -- Looking for ignition-utils1 -- found version 1.5.1
[1.157s] -- Searching for dependencies of ignition-utils1
[1.158s] -- Looking for ignition-plugin1 -- found version 1.4.0
[1.159s] -- Searching for dependencies of ignition-plugin1
[1.159s] -- Searching for <ignition-plugin1> component [loader]
[1.160s] -- Looking for ignition-plugin1-loader -- found version 1.4.0
[1.161s] -- Searching for dependencies of ignition-plugin1-loader
[1.161s] -- Searching for <ignition-plugin1> component [register]
[1.164s] -- Looking for ignition-transport11 -- found version 11.4.1
[1.164s] -- Searching for dependencies of ignition-transport11
[2.827s] -- Found Protobuf: /usr/lib/x86_64-linux-gnu/libprotobuf.so (found version "3.12.4") 
[3.899s] -- Config-file not installed for ZeroMQ -- checking for pkg-config
[3.908s] -- Checking for module 'libzmq >= 4'
[3.926s] --   Found libzmq , version 4.3.4
[4.002s] -- Found ZeroMQ: TRUE (Required is at least version "4") 
[4.086s] -- Checking for module 'uuid'
[4.124s] --   Found uuid, version 2.37.2
[4.398s] -- Found UUID: TRUE  
[4.398s] -- Looking for ignition-utils1 -- found version 1.5.1
[4.399s] -- Searching for dependencies of ignition-utils1
[4.399s] -- Searching for <ignition-utils1> component [cli]
[4.403s] -- Looking for ignition-utils1-cli -- found version 1.5.1
[4.403s] -- Searching for dependencies of ignition-utils1-cli
[4.405s] -- Looking for ignition-msgs8 -- found version 8.7.0
[4.406s] -- Searching for dependencies of ignition-msgs8
[5.565s] -- Found Protobuf: /usr/lib/x86_64-linux-gnu/libprotobuf.so (found suitable version "3.12.4", minimum required is "3") 
[5.565s] -- Looking for ignition-math6 -- found version 6.15.1
[5.648s] -- Searching for <ignition-transport11> component [log]
[5.651s] -- Looking for ignition-transport11-log -- found version 11.4.1
[5.651s] -- Searching for dependencies of ignition-transport11-log
[5.652s] -- Searching for <ignition-transport11> component [parameters]
[5.654s] -- Looking for ignition-transport11-parameters -- found version 11.4.1
[5.655s] -- Searching for dependencies of ignition-transport11-parameters
[5.656s] -- Looking for ignition-msgs8 -- found version 8.7.0
[5.658s] -- Looking for ignition-common4 -- found version 4.7.0
[5.659s] -- Searching for dependencies of ignition-common4
[5.687s] -- Looking for dlfcn.h - found
[5.715s] -- Looking for libdl - found
[5.717s] -- Found DL: TRUE  
[5.796s] -- Searching for <ignition-common4> component [profiler]
[5.797s] -- Looking for ignition-common4-profiler -- found version 4.7.0
[5.797s] -- Searching for dependencies of ignition-common4-profiler
[5.797s] -- Searching for <ignition-common4> component [events]
[5.798s] -- Looking for ignition-common4-events -- found version 4.7.0
[5.799s] -- Searching for dependencies of ignition-common4-events
[5.799s] -- Looking for ignition-math6 -- found version 6.15.1
[5.799s] -- Searching for <ignition-common4> component [av]
[5.800s] -- Looking for ignition-common4-av -- found version 4.7.0
[5.800s] -- Searching for dependencies of ignition-common4-av
[5.804s] -- Checking for module 'libswscale'
[5.810s] --   Found libswscale, version 5.9.100
[5.828s] -- Found SWSCALE: TRUE  
[5.831s] -- Checking for module 'libavdevice >= 56.4.100'
[5.839s] --   Found libavdevice , version 58.13.100
[5.886s] -- Found AVDEVICE: TRUE (Required is at least version "56.4.100") 
[5.893s] -- Checking for module 'libavformat'
[5.905s] --   Found libavformat, version 58.76.100
[5.937s] -- Found AVFORMAT: TRUE  
[5.940s] -- Checking for module 'libavcodec'
[5.958s] --   Found libavcodec, version 58.134.100
[5.978s] -- Found AVCODEC: TRUE  
[5.981s] -- Checking for module 'libavutil'
[5.987s] --   Found libavutil, version 56.70.100
[6.011s] -- Found AVUTIL: TRUE  
[6.012s] -- Looking for ignition-fuel_tools7 -- found version 7.3.0
[6.012s] -- Searching for dependencies of ignition-fuel_tools7
[7.370s] -- Found CURL: /usr/lib/x86_64-linux-gnu/libcurl.so (found version "7.81.0")  
[7.379s] -- Checking for module 'jsoncpp'
[7.392s] --   Found jsoncpp, version 1.9.5
[7.419s] -- Found JSONCPP: TRUE  
[7.424s] -- Checking for module 'libzip'
[7.432s] --   Found libzip, version 1.7.3
[7.464s] -- Found ZIP: TRUE  
[7.464s] -- Looking for ignition-common4 -- found version 4.7.0
[7.465s] -- Looking for ignition-math6 -- found version 6.15.1
[7.465s] -- Looking for ignition-msgs8 -- found version 8.7.0
[7.466s] -- Looking for ignition-gui6 -- found version 6.8.0
[7.467s] -- Searching for dependencies of ignition-gui6
[8.876s] -- Looking for ignition-math6 -- found version 6.15.1
[8.876s] -- Looking for ignition-common4 -- found version 4.7.0
[8.876s] -- Looking for ignition-plugin1 -- found version 1.4.0
[8.876s] -- Looking for ignition-transport11 -- found version 11.4.1
[8.878s] -- Looking for ignition-rendering6 -- found version 6.6.3
[8.878s] -- Searching for dependencies of ignition-rendering6
[8.878s] -- Looking for ignition-math6 -- found version 6.15.1
[8.879s] -- Searching for dependencies of ignition-math6
[8.879s] -- Searching for <ignition-math6> component [eigen3]
[8.880s] -- Looking for ignition-math6-eigen3 -- found version 6.15.1
[8.880s] -- Searching for dependencies of ignition-math6-eigen3
[8.886s] -- Looking for ignition-common4 -- found version 4.7.0
[8.886s] -- Searching for dependencies of ignition-common4
[8.886s] -- Looking for dlfcn.h - found
[8.886s] -- Looking for libdl - found
[8.935s] -- Searching for <ignition-common4> component [graphics]
[8.937s] -- Looking for ignition-common4-graphics -- found version 4.7.0
[8.937s] -- Searching for dependencies of ignition-common4-graphics
[8.937s] -- Looking for ignition-math6 -- found version 6.15.1
[8.938s] -- Looking for ignition-utils1 -- found version 1.5.1
[8.938s] -- Searching for <ignition-common4> component [events]
[8.939s] -- Looking for ignition-plugin1 -- found version 1.4.0
[8.939s] -- Searching for dependencies of ignition-plugin1
[8.939s] -- Searching for <ignition-plugin1> component [all]
[8.940s] -- Looking for all libraries of ignition-plugin1 -- found version 1.4.0
[8.941s] -- Looking for ignition-plugin1 -- found version 1.4.0
[8.943s] -- Looking for ignition-msgs8 -- found version 8.7.0
[9.036s] -- Looking for ignition-physics5 -- found version 5.3.2
[9.036s] -- Searching for dependencies of ignition-physics5
[9.037s] -- Looking for ignition-math6 -- found version 6.15.1
[9.037s] -- Looking for ignition-plugin1 -- found version 1.4.0
[9.037s] -- Looking for ignition-utils1 -- found version 1.5.1
[9.038s] -- Searching for <ignition-physics5> component [heightmap]
[9.039s] -- Looking for ignition-physics5-heightmap -- found version 5.3.2
[9.040s] -- Searching for dependencies of ignition-physics5-heightmap
[9.040s] -- Looking for ignition-common4 -- found version 4.7.0
[9.040s] -- Searching for <ignition-physics5> component [mesh]
[9.042s] -- Looking for ignition-physics5-mesh -- found version 5.3.2
[9.043s] -- Searching for dependencies of ignition-physics5-mesh
[9.043s] -- Looking for ignition-common4 -- found version 4.7.0
[9.043s] -- Searching for <ignition-physics5> component [sdf]
[9.044s] -- Looking for ignition-physics5-sdf -- found version 5.3.2
[9.045s] -- Searching for dependencies of ignition-physics5-sdf
[9.045s] -- Looking for sdformat12 -- found version 12.7.2
[9.046s] -- Looking for ignition-sensors6 -- found version 6.8.0
[9.047s] -- Searching for dependencies of ignition-sensors6
[10.037s] -- Found Protobuf: /usr/lib/x86_64-linux-gnu/libprotobuf.so (found version "3.12.4") 
[10.037s] -- Looking for ignition-math6 -- found version 6.15.1
[10.038s] -- Looking for ignition-common4 -- found version 4.7.0
[10.038s] -- Looking for ignition-transport11 -- found version 11.4.1
[10.038s] -- Looking for ignition-rendering6 -- found version 6.6.3
[10.038s] -- Looking for ignition-msgs8 -- found version 8.7.0
[10.039s] -- Looking for sdformat12 -- found version 12.7.2
[10.039s] -- Searching for <ignition-sensors6> component [air_pressure]
[10.040s] -- Looking for ignition-sensors6-air_pressure -- found version 6.8.0
[10.041s] -- Searching for dependencies of ignition-sensors6-air_pressure
[10.041s] -- Searching for <ignition-sensors6> component [altimeter]
[10.042s] -- Looking for ignition-sensors6-altimeter -- found version 6.8.0
[10.042s] -- Searching for dependencies of ignition-sensors6-altimeter
[10.043s] -- Searching for <ignition-sensors6> component [imu]
[10.044s] -- Looking for ignition-sensors6-imu -- found version 6.8.0
[10.044s] -- Searching for dependencies of ignition-sensors6-imu
[10.044s] -- Searching for <ignition-sensors6> component [force_torque]
[10.045s] -- Looking for ignition-sensors6-force_torque -- found version 6.8.0
[10.046s] -- Searching for dependencies of ignition-sensors6-force_torque
[10.046s] -- Searching for <ignition-sensors6> component [logical_camera]
[10.048s] -- Looking for ignition-sensors6-logical_camera -- found version 6.8.0
[10.049s] -- Searching for dependencies of ignition-sensors6-logical_camera
[10.051s] -- Searching for <ignition-sensors6> component [magnetometer]
[10.054s] -- Looking for ignition-sensors6-magnetometer -- found version 6.8.0
[10.054s] -- Searching for dependencies of ignition-sensors6-magnetometer
[10.055s] -- Searching for <ignition-sensors6> component [navsat]
[10.057s] -- Looking for ignition-sensors6-navsat -- found version 6.8.0
[10.057s] -- Searching for dependencies of ignition-sensors6-navsat
[10.058s] -- Searching for <ignition-sensors6> component [rendering]
[10.059s] -- Looking for ignition-sensors6-rendering -- found version 6.8.0
[10.060s] -- Searching for dependencies of ignition-sensors6-rendering
[10.060s] -- Searching for <ignition-sensors6> component [lidar]
[10.061s] -- Looking for ignition-sensors6-lidar -- found version 6.8.0
[10.061s] -- Searching for dependencies of ignition-sensors6-lidar
[10.062s] -- Looking for ignition-sensors6 -- found version 6.8.0
[10.062s] -- Searching for <ignition-sensors6> component [gpu_lidar]
[10.063s] -- Looking for ignition-sensors6-gpu_lidar -- found version 6.8.0
[10.064s] -- Searching for dependencies of ignition-sensors6-gpu_lidar
[10.064s] -- Looking for ignition-sensors6 -- found version 6.8.0
[10.064s] -- Searching for <ignition-sensors6> component [camera]
[10.067s] -- Looking for ignition-sensors6-camera -- found version 6.8.0
[10.067s] -- Searching for dependencies of ignition-sensors6-camera
[10.067s] -- Looking for ignition-sensors6 -- found version 6.8.0
[10.068s] -- Searching for <ignition-sensors6> component [boundingbox_camera]
[10.069s] -- Looking for ignition-sensors6-boundingbox_camera -- found version 6.8.0
[10.070s] -- Searching for dependencies of ignition-sensors6-boundingbox_camera
[10.070s] -- Searching for <ignition-sensors6> component [segmentation_camera]
[10.071s] -- Looking for ignition-sensors6-segmentation_camera -- found version 6.8.0
[10.071s] -- Searching for dependencies of ignition-sensors6-segmentation_camera
[10.071s] -- Searching for <ignition-sensors6> component [depth_camera]
[10.072s] -- Looking for ignition-sensors6-depth_camera -- found version 6.8.0
[10.073s] -- Searching for dependencies of ignition-sensors6-depth_camera
[10.073s] -- Looking for ignition-sensors6 -- found version 6.8.0
[10.073s] -- Searching for <ignition-sensors6> component [rgbd_camera]
[10.074s] -- Looking for ignition-sensors6-rgbd_camera -- found version 6.8.0
[10.075s] -- Searching for dependencies of ignition-sensors6-rgbd_camera
[10.075s] -- Looking for ignition-sensors6 -- found version 6.8.0
[10.075s] -- Searching for <ignition-sensors6> component [thermal_camera]
[10.076s] -- Looking for ignition-sensors6-thermal_camera -- found version 6.8.0
[10.077s] -- Searching for dependencies of ignition-sensors6-thermal_camera
[10.077s] -- Looking for ignition-sensors6 -- found version 6.8.0
[10.078s] -- Looking for ignition-rendering6 -- found version 6.6.3
[10.078s] -- Looking for ignition-math6 -- found version 6.15.1
[10.079s] -- Looking for ignition-utils1 -- found version 1.5.1
[11.096s] -- Found ament_lint_auto: 0.12.11 (/opt/ros/humble/share/ament_lint_auto/cmake)
[11.170s] -- Added test 'copyright' to check source files copyright and LICENSE
[11.171s] -- Added test 'cpplint' to check C / C++ code against the Google style
[11.171s] -- Configured cpplint exclude dirs and/or files: 
[11.171s] -- Added test 'lint_cmake' to check CMake code style
[11.172s] -- Added test 'uncrustify' to check C / C++ code style
[11.172s] -- Configured uncrustify additional arguments: 
[11.172s] -- Added test 'xmllint' to check XML markup files
[11.173s] -- Configuring done
[11.180s] -- Generating done
[11.183s] -- Build files have been written to: /home/podgem/leo_rover_project/ros2_ws/build/leo_gz_plugins
[11.190s] Invoked command in '/home/podgem/leo_rover_project/ros2_ws/build/leo_gz_plugins' returned '0': CMAKE_PREFIX_PATH=/opt/ros/humble PS1=(venv) \[\e]0;\u@\h: \w\a\]${debian_chroot:+($debian_chroot)}\[\033[01;32m\]\u@\h\[\033[00m\]:\[\033[01;34m\]\w\[\033[00m\]\$ VIRTUAL_ENV_PROMPT=(venv) /usr/bin/cmake /home/podgem/leo_rover_project/ros2_ws/src/leo_simulator-ros2/leo_gz_plugins -DCMAKE_INSTALL_PREFIX=/home/podgem/leo_rover_project/ros2_ws/install/leo_gz_plugins
[11.192s] Invoking command in '/home/podgem/leo_rover_project/ros2_ws/build/leo_gz_plugins': CMAKE_PREFIX_PATH=/opt/ros/humble PS1=(venv) \[\e]0;\u@\h: \w\a\]${debian_chroot:+($debian_chroot)}\[\033[01;32m\]\u@\h\[\033[00m\]:\[\033[01;34m\]\w\[\033[00m\]\$ VIRTUAL_ENV_PROMPT=(venv) /usr/bin/cmake --build /home/podgem/leo_rover_project/ros2_ws/build/leo_gz_plugins -- -j12 -l12
[11.223s] [ 50%] [32mBuilding CXX object CMakeFiles/leo_gz_differential_plugin.dir/src/differential_system.cpp.o[0m
[23.211s] [100%] [32m[1mLinking CXX shared library libleo_gz_differential_plugin.so[0m
[23.898s] [100%] Built target leo_gz_differential_plugin
[23.906s] Invoked command in '/home/podgem/leo_rover_project/ros2_ws/build/leo_gz_plugins' returned '0': CMAKE_PREFIX_PATH=/opt/ros/humble PS1=(venv) \[\e]0;\u@\h: \w\a\]${debian_chroot:+($debian_chroot)}\[\033[01;32m\]\u@\h\[\033[00m\]:\[\033[01;34m\]\w\[\033[00m\]\$ VIRTUAL_ENV_PROMPT=(venv) /usr/bin/cmake --build /home/podgem/leo_rover_project/ros2_ws/build/leo_gz_plugins -- -j12 -l12
[23.908s] Invoking command in '/home/podgem/leo_rover_project/ros2_ws/build/leo_gz_plugins': CMAKE_PREFIX_PATH=/opt/ros/humble PS1=(venv) \[\e]0;\u@\h: \w\a\]${debian_chroot:+($debian_chroot)}\[\033[01;32m\]\u@\h\[\033[00m\]:\[\033[01;34m\]\w\[\033[00m\]\$ VIRTUAL_ENV_PROMPT=(venv) /usr/bin/cmake --install /home/podgem/leo_rover_project/ros2_ws/build/leo_gz_plugins
[23.913s] -- Install configuration: ""
[23.913s] -- Installing: /home/podgem/leo_rover_project/ros2_ws/install/leo_gz_plugins/lib/libleo_gz_differential_plugin.so
[23.919s] -- Installing: /home/podgem/leo_rover_project/ros2_ws/install/leo_gz_plugins/share/leo_gz_plugins/environment/gz_sim_system_plugin_path.sh
[23.919s] -- Installing: /home/podgem/leo_rover_project/ros2_ws/install/leo_gz_plugins/share/leo_gz_plugins/environment/gz_sim_system_plugin_path.dsv
[23.919s] -- Installing: /home/podgem/leo_rover_project/ros2_ws/install/leo_gz_plugins/share/ament_index/resource_index/package_run_dependencies/leo_gz_plugins
[23.919s] -- Installing: /home/podgem/leo_rover_project/ros2_ws/install/leo_gz_plugins/share/ament_index/resource_index/parent_prefix_path/leo_gz_plugins
[23.919s] -- Installing: /home/podgem/leo_rover_project/ros2_ws/install/leo_gz_plugins/share/leo_gz_plugins/environment/ament_prefix_path.sh
[23.919s] -- Installing: /home/podgem/leo_rover_project/ros2_ws/install/leo_gz_plugins/share/leo_gz_plugins/environment/ament_prefix_path.dsv
[23.919s] -- Installing: /home/podgem/leo_rover_project/ros2_ws/install/leo_gz_plugins/share/leo_gz_plugins/environment/path.sh
[23.919s] -- Installing: /home/podgem/leo_rover_project/ros2_ws/install/leo_gz_plugins/share/leo_gz_plugins/environment/path.dsv
[23.920s] -- Installing: /home/podgem/leo_rover_project/ros2_ws/install/leo_gz_plugins/share/leo_gz_plugins/local_setup.bash
[23.920s] -- Installing: /home/podgem/leo_rover_project/ros2_ws/install/leo_gz_plugins/share/leo_gz_plugins/local_setup.sh
[23.920s] -- Installing: /home/podgem/leo_rover_project/ros2_ws/install/leo_gz_plugins/share/leo_gz_plugins/local_setup.zsh
[23.920s] -- Installing: /home/podgem/leo_rover_project/ros2_ws/install/leo_gz_plugins/share/leo_gz_plugins/local_setup.dsv
[23.920s] -- Installing: /home/podgem/leo_rover_project/ros2_ws/install/leo_gz_plugins/share/leo_gz_plugins/package.dsv
[23.920s] -- Installing: /home/podgem/leo_rover_project/ros2_ws/install/leo_gz_plugins/share/ament_index/resource_index/packages/leo_gz_plugins
[23.921s] -- Installing: /home/podgem/leo_rover_project/ros2_ws/install/leo_gz_plugins/share/leo_gz_plugins/cmake/leo_gz_pluginsConfig.cmake
[23.921s] -- Installing: /home/podgem/leo_rover_project/ros2_ws/install/leo_gz_plugins/share/leo_gz_plugins/cmake/leo_gz_pluginsConfig-version.cmake
[23.921s] -- Installing: /home/podgem/leo_rover_project/ros2_ws/install/leo_gz_plugins/share/leo_gz_plugins/package.xml
[23.922s] Invoked command in '/home/podgem/leo_rover_project/ros2_ws/build/leo_gz_plugins' returned '0': CMAKE_PREFIX_PATH=/opt/ros/humble PS1=(venv) \[\e]0;\u@\h: \w\a\]${debian_chroot:+($debian_chroot)}\[\033[01;32m\]\u@\h\[\033[00m\]:\[\033[01;34m\]\w\[\033[00m\]\$ VIRTUAL_ENV_PROMPT=(venv) /usr/bin/cmake --install /home/podgem/leo_rover_project/ros2_ws/build/leo_gz_plugins
