[0.044s] Invoking command in '/home/podgem/leo_rover_project/ros2_ws/build/leo_description': CMAKE_PREFIX_PATH=/opt/ros/humble PS1=(venv) \[\e]0;\u@\h: \w\a\]${debian_chroot:+($debian_chroot)}\[\033[01;32m\]\u@\h\[\033[00m\]:\[\033[01;34m\]\w\[\033[00m\]\$ VIRTUAL_ENV_PROMPT=(venv) /usr/bin/cmake /home/podgem/leo_rover_project/ros2_ws/src/leo_common-ros2/leo_description -DCMAKE_INSTALL_PREFIX=/home/podgem/leo_rover_project/ros2_ws/install/leo_description
[0.159s] -- The C compiler identification is GNU 11.4.0
[0.425s] -- The CXX compiler identification is GNU 11.4.0
[0.679s] -- Detecting C compiler ABI info
[0.772s] -- Detecting C compiler ABI info - done
[0.779s] -- Check for working C compiler: /usr/bin/cc - skipped
[0.779s] -- Detecting C compile features
[0.780s] -- Detecting C compile features - done
[0.783s] -- Detecting CXX compiler ABI info
[0.885s] -- Detecting CXX compiler ABI info - done
[0.894s] -- Check for working CXX compiler: /usr/bin/c++ - skipped
[0.894s] -- Detecting CXX compile features
[0.895s] -- Detecting CXX compile features - done
[0.897s] -- Found ament_cmake: 1.3.11 (/opt/ros/humble/share/ament_cmake/cmake)
[1.012s] -- Found Python3: /home/podgem/leo_rover_project/venv/bin/python3 (found version "3.10.12") found components: Interpreter 
[1.104s] -- Found ament_lint_auto: 0.12.11 (/opt/ros/humble/share/ament_lint_auto/cmake)
[1.190s] -- Added test 'lint_cmake' to check CMake code style
[1.191s] -- Added test 'xmllint' to check XML markup files
[1.191s] -- Configuring done
[1.194s] -- Generating done
[1.195s] -- Build files have been written to: /home/podgem/leo_rover_project/ros2_ws/build/leo_description
[1.199s] Invoked command in '/home/podgem/leo_rover_project/ros2_ws/build/leo_description' returned '0': CMAKE_PREFIX_PATH=/opt/ros/humble PS1=(venv) \[\e]0;\u@\h: \w\a\]${debian_chroot:+($debian_chroot)}\[\033[01;32m\]\u@\h\[\033[00m\]:\[\033[01;34m\]\w\[\033[00m\]\$ VIRTUAL_ENV_PROMPT=(venv) /usr/bin/cmake /home/podgem/leo_rover_project/ros2_ws/src/leo_common-ros2/leo_description -DCMAKE_INSTALL_PREFIX=/home/podgem/leo_rover_project/ros2_ws/install/leo_description
[1.201s] Invoking command in '/home/podgem/leo_rover_project/ros2_ws/build/leo_description': CMAKE_PREFIX_PATH=/opt/ros/humble PS1=(venv) \[\e]0;\u@\h: \w\a\]${debian_chroot:+($debian_chroot)}\[\033[01;32m\]\u@\h\[\033[00m\]:\[\033[01;34m\]\w\[\033[00m\]\$ VIRTUAL_ENV_PROMPT=(venv) /usr/bin/cmake --build /home/podgem/leo_rover_project/ros2_ws/build/leo_description -- -j12 -l12
[1.231s] Invoked command in '/home/podgem/leo_rover_project/ros2_ws/build/leo_description' returned '0': CMAKE_PREFIX_PATH=/opt/ros/humble PS1=(venv) \[\e]0;\u@\h: \w\a\]${debian_chroot:+($debian_chroot)}\[\033[01;32m\]\u@\h\[\033[00m\]:\[\033[01;34m\]\w\[\033[00m\]\$ VIRTUAL_ENV_PROMPT=(venv) /usr/bin/cmake --build /home/podgem/leo_rover_project/ros2_ws/build/leo_description -- -j12 -l12
[1.237s] Invoking command in '/home/podgem/leo_rover_project/ros2_ws/build/leo_description': CMAKE_PREFIX_PATH=/opt/ros/humble PS1=(venv) \[\e]0;\u@\h: \w\a\]${debian_chroot:+($debian_chroot)}\[\033[01;32m\]\u@\h\[\033[00m\]:\[\033[01;34m\]\w\[\033[00m\]\$ VIRTUAL_ENV_PROMPT=(venv) /usr/bin/cmake --install /home/podgem/leo_rover_project/ros2_ws/build/leo_description
[1.245s] -- Install configuration: ""
[1.246s] -- Installing: /home/podgem/leo_rover_project/ros2_ws/install/leo_description/share/leo_description/launch
[1.246s] -- Installing: /home/podgem/leo_rover_project/ros2_ws/install/leo_description/share/leo_description/launch/state_publisher.launch.xml
[1.246s] -- Installing: /home/podgem/leo_rover_project/ros2_ws/install/leo_description/share/leo_description/models
[1.246s] -- Installing: /home/podgem/leo_rover_project/ros2_ws/install/leo_description/share/leo_description/models/Rocker.dae
[1.250s] -- Installing: /home/podgem/leo_rover_project/ros2_ws/install/leo_description/share/leo_description/models/Rocker_outline.stl
[1.250s] -- Installing: /home/podgem/leo_rover_project/ros2_ws/install/leo_description/share/leo_description/models/WheelMecanumB.dae
[1.252s] -- Installing: /home/podgem/leo_rover_project/ros2_ws/install/leo_description/share/leo_description/models/WheelA.dae
[1.254s] -- Installing: /home/podgem/leo_rover_project/ros2_ws/install/leo_description/share/leo_description/models/Chassis.dae
[1.263s] -- Installing: /home/podgem/leo_rover_project/ros2_ws/install/leo_description/share/leo_description/models/WheelMecanumA.dae
[1.272s] -- Installing: /home/podgem/leo_rover_project/ros2_ws/install/leo_description/share/leo_description/models/Antenna.dae
[1.272s] -- Installing: /home/podgem/leo_rover_project/ros2_ws/install/leo_description/share/leo_description/models/WheelB.dae
[1.275s] -- Installing: /home/podgem/leo_rover_project/ros2_ws/install/leo_description/share/leo_description/models/Wheel_outline.stl
[1.276s] -- Installing: /home/podgem/leo_rover_project/ros2_ws/install/leo_description/share/leo_description/models/Mecanum_wheel_outline.stl
[1.276s] -- Installing: /home/podgem/leo_rover_project/ros2_ws/install/leo_description/share/leo_description/models/Chassis_outline.stl
[1.276s] -- Installing: /home/podgem/leo_rover_project/ros2_ws/install/leo_description/share/leo_description/urdf
[1.276s] -- Installing: /home/podgem/leo_rover_project/ros2_ws/install/leo_description/share/leo_description/urdf/leo.urdf.xacro
[1.277s] -- Installing: /home/podgem/leo_rover_project/ros2_ws/install/leo_description/share/leo_description/urdf/leo_sim.urdf.xacro
[1.278s] -- Installing: /home/podgem/leo_rover_project/ros2_ws/install/leo_description/share/leo_description/urdf/macros.xacro
[1.278s] -- Installing: /home/podgem/leo_rover_project/ros2_ws/install/leo_description/share/leo_description/environment/gz_sim_resource_path.sh
[1.279s] -- Installing: /home/podgem/leo_rover_project/ros2_ws/install/leo_description/share/leo_description/environment/gz_sim_resource_path.dsv
[1.279s] -- Installing: /home/podgem/leo_rover_project/ros2_ws/install/leo_description/share/ament_index/resource_index/package_run_dependencies/leo_description
[1.279s] -- Installing: /home/podgem/leo_rover_project/ros2_ws/install/leo_description/share/ament_index/resource_index/parent_prefix_path/leo_description
[1.280s] -- Installing: /home/podgem/leo_rover_project/ros2_ws/install/leo_description/share/leo_description/environment/ament_prefix_path.sh
[1.280s] -- Installing: /home/podgem/leo_rover_project/ros2_ws/install/leo_description/share/leo_description/environment/ament_prefix_path.dsv
[1.281s] -- Installing: /home/podgem/leo_rover_project/ros2_ws/install/leo_description/share/leo_description/environment/path.sh
[1.281s] -- Installing: /home/podgem/leo_rover_project/ros2_ws/install/leo_description/share/leo_description/environment/path.dsv
[1.282s] -- Installing: /home/podgem/leo_rover_project/ros2_ws/install/leo_description/share/leo_description/local_setup.bash
[1.282s] -- Installing: /home/podgem/leo_rover_project/ros2_ws/install/leo_description/share/leo_description/local_setup.sh
[1.282s] -- Installing: /home/podgem/leo_rover_project/ros2_ws/install/leo_description/share/leo_description/local_setup.zsh
[1.282s] -- Installing: /home/podgem/leo_rover_project/ros2_ws/install/leo_description/share/leo_description/local_setup.dsv
[1.283s] -- Installing: /home/podgem/leo_rover_project/ros2_ws/install/leo_description/share/leo_description/package.dsv
[1.283s] -- Installing: /home/podgem/leo_rover_project/ros2_ws/install/leo_description/share/ament_index/resource_index/packages/leo_description
[1.284s] -- Installing: /home/podgem/leo_rover_project/ros2_ws/install/leo_description/share/leo_description/cmake/leo_descriptionConfig.cmake
[1.285s] -- Installing: /home/podgem/leo_rover_project/ros2_ws/install/leo_description/share/leo_description/cmake/leo_descriptionConfig-version.cmake
[1.285s] -- Installing: /home/podgem/leo_rover_project/ros2_ws/install/leo_description/share/leo_description/package.xml
[1.289s] Invoked command in '/home/podgem/leo_rover_project/ros2_ws/build/leo_description' returned '0': CMAKE_PREFIX_PATH=/opt/ros/humble PS1=(venv) \[\e]0;\u@\h: \w\a\]${debian_chroot:+($debian_chroot)}\[\033[01;32m\]\u@\h\[\033[00m\]:\[\033[01;34m\]\w\[\033[00m\]\$ VIRTUAL_ENV_PROMPT=(venv) /usr/bin/cmake --install /home/podgem/leo_rover_project/ros2_ws/build/leo_description
