[0.061s] Invoking command in '/home/podgem/leo_rover_project/ros2_ws/build/leo_msgs': CMAKE_PREFIX_PATH=/opt/ros/humble PS1=(venv) \[\e]0;\u@\h: \w\a\]${debian_chroot:+($debian_chroot)}\[\033[01;32m\]\u@\h\[\033[00m\]:\[\033[01;34m\]\w\[\033[00m\]\$ VIRTUAL_ENV_PROMPT=(venv) /usr/bin/cmake /home/podgem/leo_rover_project/ros2_ws/src/leo_common-ros2/leo_msgs -DCMAKE_INSTALL_PREFIX=/home/podgem/leo_rover_project/ros2_ws/install/leo_msgs
[0.161s] -- The C compiler identification is GNU 11.4.0
[0.380s] -- The CXX compiler identification is GNU 11.4.0
[0.597s] -- Detecting C compiler ABI info
[0.713s] -- Detecting C compiler ABI info - done
[0.718s] -- Check for working C compiler: /usr/bin/cc - skipped
[0.719s] -- Detecting C compile features
[0.719s] -- Detecting C compile features - done
[0.721s] -- Detecting CXX compiler ABI info
[0.851s] -- Detecting CXX compiler ABI info - done
[0.860s] -- Check for working CXX compiler: /usr/bin/c++ - skipped
[0.861s] -- Detecting CXX compile features
[0.861s] -- Detecting CXX compile features - done
[0.863s] -- Found ament_cmake: 1.3.11 (/opt/ros/humble/share/ament_cmake/cmake)
[0.984s] -- Found Python3: /home/podgem/leo_rover_project/venv/bin/python3 (found version "3.10.12") found components: Interpreter 
[1.069s] -- Found rosidl_default_generators: 1.2.0 (/opt/ros/humble/share/rosidl_default_generators/cmake)
[1.072s] -- Using all available rosidl_typesupport_c: rosidl_typesupport_fastrtps_c;rosidl_typesupport_introspection_c
[1.079s] -- Found rosidl_adapter: 3.1.6 (/opt/ros/humble/share/rosidl_adapter/cmake)
[1.200s] -- Using all available rosidl_typesupport_cpp: rosidl_typesupport_fastrtps_cpp;rosidl_typesupport_introspection_cpp
[1.241s] -- Found builtin_interfaces: 1.2.1 (/opt/ros/humble/share/builtin_interfaces/cmake)
[1.485s] -- Found ament_cmake_ros: 0.10.0 (/opt/ros/humble/share/ament_cmake_ros/cmake)
[1.592s] -- Using all available rosidl_typesupport_c: rosidl_typesupport_fastrtps_c;rosidl_typesupport_introspection_c
[1.740s] -- Using all available rosidl_typesupport_cpp: rosidl_typesupport_fastrtps_cpp;rosidl_typesupport_introspection_cpp
[1.819s] -- Found PythonInterp: /home/podgem/leo_rover_project/venv/bin/python3 (found suitable version "3.10.12", minimum required is "3.6") 
[1.820s] -- Found python_cmake_module: 0.10.0 (/opt/ros/humble/share/python_cmake_module/cmake)
[2.100s] -- Found PythonLibs: /usr/lib/x86_64-linux-gnu/libpython3.10.so (found suitable version "3.10.12", minimum required is "3.5") 
[2.100s] -- Using PYTHON_EXECUTABLE: /home/podgem/leo_rover_project/venv/bin/python3
[2.100s] -- Using PYTHON_INCLUDE_DIRS: /usr/include/python3.10
[2.100s] -- Using PYTHON_LIBRARIES: /usr/lib/x86_64-linux-gnu/libpython3.10.so
[2.116s] -- Found PythonExtra: .so  
[2.165s] -- Found ament_lint_auto: 0.12.11 (/opt/ros/humble/share/ament_lint_auto/cmake)
[2.169s] -- Added test 'lint_cmake' to check CMake code style
[2.169s] -- Added test 'xmllint' to check XML markup files
[2.170s] -- Configuring done
[2.193s] -- Generating done
[2.200s] -- Build files have been written to: /home/podgem/leo_rover_project/ros2_ws/build/leo_msgs
[2.208s] Invoked command in '/home/podgem/leo_rover_project/ros2_ws/build/leo_msgs' returned '0': CMAKE_PREFIX_PATH=/opt/ros/humble PS1=(venv) \[\e]0;\u@\h: \w\a\]${debian_chroot:+($debian_chroot)}\[\033[01;32m\]\u@\h\[\033[00m\]:\[\033[01;34m\]\w\[\033[00m\]\$ VIRTUAL_ENV_PROMPT=(venv) /usr/bin/cmake /home/podgem/leo_rover_project/ros2_ws/src/leo_common-ros2/leo_msgs -DCMAKE_INSTALL_PREFIX=/home/podgem/leo_rover_project/ros2_ws/install/leo_msgs
[2.213s] Invoking command in '/home/podgem/leo_rover_project/ros2_ws/build/leo_msgs': CMAKE_PREFIX_PATH=/opt/ros/humble PS1=(venv) \[\e]0;\u@\h: \w\a\]${debian_chroot:+($debian_chroot)}\[\033[01;32m\]\u@\h\[\033[00m\]:\[\033[01;34m\]\w\[\033[00m\]\$ VIRTUAL_ENV_PROMPT=(venv) /usr/bin/cmake --build /home/podgem/leo_rover_project/ros2_ws/build/leo_msgs -- -j12 -l12
[2.240s] [  1%] [34m[1mGenerating C code for ROS interfaces[0m
[2.244s] [  3%] [34m[1mGenerating C++ code for ROS interfaces[0m
[2.248s] [  3%] Built target ament_cmake_python_copy_leo_msgs
[2.433s] running egg_info
[2.434s] creating leo_msgs.egg-info
[2.434s] writing leo_msgs.egg-info/PKG-INFO
[2.434s] writing dependency_links to leo_msgs.egg-info/dependency_links.txt
[2.434s] writing top-level names to leo_msgs.egg-info/top_level.txt
[2.434s] writing manifest file 'leo_msgs.egg-info/SOURCES.txt'
[2.435s] reading manifest file 'leo_msgs.egg-info/SOURCES.txt'
[2.436s] writing manifest file 'leo_msgs.egg-info/SOURCES.txt'
[2.458s] [  3%] Built target ament_cmake_python_build_leo_msgs_egg
[2.679s] [  3%] Built target leo_msgs__cpp
[2.686s] [  4%] [34m[1mGenerating C++ type support dispatch for ROS interfaces[0m
[2.689s] [  6%] [34m[1mGenerating C++ type support for eProsima Fast-RTPS[0m
[2.691s] [  7%] [34m[1mGenerating C++ introspection for ROS interfaces[0m
[2.695s] [  9%] [32mBuilding C object CMakeFiles/leo_msgs__rosidl_generator_c.dir/rosidl_generator_c/leo_msgs/msg/detail/imu__functions.c.o[0m
[2.696s] [ 11%] [32mBuilding C object CMakeFiles/leo_msgs__rosidl_generator_c.dir/rosidl_generator_c/leo_msgs/msg/detail/wheel_odom__functions.c.o[0m
[2.699s] [ 12%] [32mBuilding C object CMakeFiles/leo_msgs__rosidl_generator_c.dir/rosidl_generator_c/leo_msgs/srv/detail/set_imu_calibration__functions.c.o[0m
[2.699s] [ 14%] [32mBuilding C object CMakeFiles/leo_msgs__rosidl_generator_c.dir/rosidl_generator_c/leo_msgs/msg/detail/wheel_states__functions.c.o[0m
[2.699s] [ 15%] [32mBuilding C object CMakeFiles/leo_msgs__rosidl_generator_c.dir/rosidl_generator_c/leo_msgs/msg/detail/wheel_odom_mecanum__functions.c.o[0m
[2.785s] [ 17%] [32m[1mLinking C shared library libleo_msgs__rosidl_generator_c.so[0m
[2.882s] [ 17%] Built target leo_msgs__rosidl_generator_c
[2.890s] [ 19%] [34m[1mGenerating C type support for eProsima Fast-RTPS[0m
[2.893s] [ 22%] [34m[1mGenerating C type support dispatch for ROS interfaces[0m
[2.893s] [ 22%] [34m[1mGenerating C introspection for ROS interfaces[0m
[3.208s] [ 23%] [32mBuilding CXX object CMakeFiles/leo_msgs__rosidl_typesupport_cpp.dir/rosidl_typesupport_cpp/leo_msgs/msg/wheel_odom__type_support.cpp.o[0m
[3.211s] [ 28%] [32mBuilding CXX object CMakeFiles/leo_msgs__rosidl_typesupport_cpp.dir/rosidl_typesupport_cpp/leo_msgs/msg/wheel_states__type_support.cpp.o[0m
[3.211s] [ 28%] [32mBuilding CXX object CMakeFiles/leo_msgs__rosidl_typesupport_cpp.dir/rosidl_typesupport_cpp/leo_msgs/msg/imu__type_support.cpp.o[0m
[3.211s] [ 28%] [32mBuilding CXX object CMakeFiles/leo_msgs__rosidl_typesupport_cpp.dir/rosidl_typesupport_cpp/leo_msgs/srv/set_imu_calibration__type_support.cpp.o[0m
[3.211s] [ 30%] [32mBuilding CXX object CMakeFiles/leo_msgs__rosidl_typesupport_cpp.dir/rosidl_typesupport_cpp/leo_msgs/msg/wheel_odom_mecanum__type_support.cpp.o[0m
[3.379s] [ 31%] [32mBuilding CXX object CMakeFiles/leo_msgs__rosidl_typesupport_introspection_cpp.dir/rosidl_typesupport_introspection_cpp/leo_msgs/msg/detail/imu__type_support.cpp.o[0m
[3.424s] [ 33%] [32mBuilding CXX object CMakeFiles/leo_msgs__rosidl_typesupport_introspection_cpp.dir/rosidl_typesupport_introspection_cpp/leo_msgs/msg/detail/wheel_odom__type_support.cpp.o[0m
[3.442s] [ 34%] [32mBuilding CXX object CMakeFiles/leo_msgs__rosidl_typesupport_introspection_cpp.dir/rosidl_typesupport_introspection_cpp/leo_msgs/msg/detail/wheel_odom_mecanum__type_support.cpp.o[0m
[3.485s] [ 36%] [32mBuilding CXX object CMakeFiles/leo_msgs__rosidl_typesupport_fastrtps_cpp.dir/rosidl_typesupport_fastrtps_cpp/leo_msgs/msg/detail/dds_fastrtps/imu__type_support.cpp.o[0m
[3.701s] [ 38%] [32mBuilding CXX object CMakeFiles/leo_msgs__rosidl_typesupport_c.dir/rosidl_typesupport_c/leo_msgs/msg/imu__type_support.cpp.o[0m
[3.708s] [ 39%] [32mBuilding CXX object CMakeFiles/leo_msgs__rosidl_typesupport_c.dir/rosidl_typesupport_c/leo_msgs/msg/wheel_odom__type_support.cpp.o[0m
[3.756s] [ 41%] [32mBuilding CXX object CMakeFiles/leo_msgs__rosidl_typesupport_c.dir/rosidl_typesupport_c/leo_msgs/msg/wheel_odom_mecanum__type_support.cpp.o[0m
[3.774s] [ 42%] [32mBuilding CXX object CMakeFiles/leo_msgs__rosidl_typesupport_introspection_cpp.dir/rosidl_typesupport_introspection_cpp/leo_msgs/msg/detail/wheel_states__type_support.cpp.o[0m
[3.791s] [ 44%] [32mBuilding CXX object CMakeFiles/leo_msgs__rosidl_typesupport_c.dir/rosidl_typesupport_c/leo_msgs/srv/set_imu_calibration__type_support.cpp.o[0m
[3.801s] [ 46%] [32mBuilding C object CMakeFiles/leo_msgs__rosidl_typesupport_introspection_c.dir/rosidl_typesupport_introspection_c/leo_msgs/msg/detail/imu__type_support.c.o[0m
[3.803s] [ 47%] [32mBuilding CXX object CMakeFiles/leo_msgs__rosidl_typesupport_c.dir/rosidl_typesupport_c/leo_msgs/msg/wheel_states__type_support.cpp.o[0m
[3.811s] [ 49%] [32mBuilding C object CMakeFiles/leo_msgs__rosidl_typesupport_introspection_c.dir/rosidl_typesupport_introspection_c/leo_msgs/msg/detail/wheel_odom__type_support.c.o[0m
[3.838s] [ 50%] [32mBuilding C object CMakeFiles/leo_msgs__rosidl_typesupport_introspection_c.dir/rosidl_typesupport_introspection_c/leo_msgs/msg/detail/wheel_odom_mecanum__type_support.c.o[0m
[3.852s] [ 52%] [32mBuilding C object CMakeFiles/leo_msgs__rosidl_typesupport_introspection_c.dir/rosidl_typesupport_introspection_c/leo_msgs/msg/detail/wheel_states__type_support.c.o[0m
[3.859s] [ 53%] [32mBuilding CXX object CMakeFiles/leo_msgs__rosidl_typesupport_fastrtps_c.dir/rosidl_typesupport_fastrtps_c/leo_msgs/msg/detail/imu__type_support_c.cpp.o[0m
[3.870s] [ 55%] [32m[1mLinking CXX shared library libleo_msgs__rosidl_typesupport_c.so[0m
[3.877s] [ 57%] [32mBuilding C object CMakeFiles/leo_msgs__rosidl_typesupport_introspection_c.dir/rosidl_typesupport_introspection_c/leo_msgs/srv/detail/set_imu_calibration__type_support.c.o[0m
[3.887s] [ 58%] [32mBuilding CXX object CMakeFiles/leo_msgs__rosidl_typesupport_fastrtps_c.dir/rosidl_typesupport_fastrtps_c/leo_msgs/msg/detail/wheel_odom__type_support_c.cpp.o[0m
[3.898s] [ 60%] [32mBuilding CXX object CMakeFiles/leo_msgs__rosidl_typesupport_fastrtps_c.dir/rosidl_typesupport_fastrtps_c/leo_msgs/msg/detail/wheel_odom_mecanum__type_support_c.cpp.o[0m
[3.910s] [ 61%] [32mBuilding CXX object CMakeFiles/leo_msgs__rosidl_typesupport_fastrtps_c.dir/rosidl_typesupport_fastrtps_c/leo_msgs/msg/detail/wheel_states__type_support_c.cpp.o[0m
[3.911s] [ 63%] [32m[1mLinking C shared library libleo_msgs__rosidl_typesupport_introspection_c.so[0m
[3.919s] [ 65%] [32m[1mLinking CXX shared library libleo_msgs__rosidl_typesupport_cpp.so[0m
[3.984s] [ 65%] Built target leo_msgs__rosidl_typesupport_c
[3.998s] [ 66%] [32mBuilding CXX object CMakeFiles/leo_msgs__rosidl_typesupport_fastrtps_c.dir/rosidl_typesupport_fastrtps_c/leo_msgs/srv/detail/set_imu_calibration__type_support_c.cpp.o[0m
[4.023s] [ 66%] Built target leo_msgs__rosidl_typesupport_introspection_c
[4.043s] [ 68%] [32mBuilding CXX object CMakeFiles/leo_msgs__rosidl_typesupport_introspection_cpp.dir/rosidl_typesupport_introspection_cpp/leo_msgs/srv/detail/set_imu_calibration__type_support.cpp.o[0m
[4.092s] [ 68%] Built target leo_msgs__rosidl_typesupport_cpp
[4.108s] [ 69%] [32mBuilding CXX object CMakeFiles/leo_msgs__rosidl_typesupport_fastrtps_cpp.dir/rosidl_typesupport_fastrtps_cpp/leo_msgs/msg/detail/dds_fastrtps/wheel_odom__type_support.cpp.o[0m
[4.119s] [ 71%] [32mBuilding CXX object CMakeFiles/leo_msgs__rosidl_typesupport_fastrtps_cpp.dir/rosidl_typesupport_fastrtps_cpp/leo_msgs/msg/detail/dds_fastrtps/wheel_odom_mecanum__type_support.cpp.o[0m
[4.393s] [ 73%] [32mBuilding CXX object CMakeFiles/leo_msgs__rosidl_typesupport_fastrtps_cpp.dir/rosidl_typesupport_fastrtps_cpp/leo_msgs/msg/detail/dds_fastrtps/wheel_states__type_support.cpp.o[0m
[4.410s] [ 74%] [32mBuilding CXX object CMakeFiles/leo_msgs__rosidl_typesupport_fastrtps_cpp.dir/rosidl_typesupport_fastrtps_cpp/leo_msgs/srv/detail/dds_fastrtps/set_imu_calibration__type_support.cpp.o[0m
[4.694s] [ 76%] [32m[1mLinking CXX shared library libleo_msgs__rosidl_typesupport_fastrtps_c.so[0m
[4.696s] [ 77%] [32m[1mLinking CXX shared library libleo_msgs__rosidl_typesupport_introspection_cpp.so[0m
[4.828s] [ 77%] Built target leo_msgs__rosidl_typesupport_introspection_cpp
[4.831s] [ 77%] Built target leo_msgs__rosidl_typesupport_fastrtps_c
[4.893s] [ 79%] [32m[1mLinking CXX shared library libleo_msgs__rosidl_typesupport_fastrtps_cpp.so[0m
[5.004s] [ 79%] Built target leo_msgs__rosidl_typesupport_fastrtps_cpp
[5.015s] [ 79%] Built target leo_msgs
[5.029s] [ 80%] [34m[1mGenerating Python code for ROS interfaces[0m
[5.605s] [ 80%] Built target leo_msgs__py
[5.623s] [ 84%] [32mBuilding C object CMakeFiles/leo_msgs__rosidl_generator_py.dir/rosidl_generator_py/leo_msgs/msg/_wheel_odom_mecanum_s.c.o[0m
[5.623s] [ 84%] [32mBuilding C object CMakeFiles/leo_msgs__rosidl_generator_py.dir/rosidl_generator_py/leo_msgs/msg/_imu_s.c.o[0m
[5.623s] [ 85%] [32mBuilding C object CMakeFiles/leo_msgs__rosidl_generator_py.dir/rosidl_generator_py/leo_msgs/msg/_wheel_odom_s.c.o[0m
[5.627s] [ 87%] [32mBuilding C object CMakeFiles/leo_msgs__rosidl_generator_py.dir/rosidl_generator_py/leo_msgs/msg/_wheel_states_s.c.o[0m
[5.628s] [ 88%] [32mBuilding C object CMakeFiles/leo_msgs__rosidl_generator_py.dir/rosidl_generator_py/leo_msgs/srv/_set_imu_calibration_s.c.o[0m
[5.733s] [ 90%] [32m[1mLinking C shared library rosidl_generator_py/leo_msgs/libleo_msgs__rosidl_generator_py.so[0m
[5.821s] [ 90%] Built target leo_msgs__rosidl_generator_py
[5.840s] [ 93%] [32mBuilding C object CMakeFiles/leo_msgs__rosidl_typesupport_fastrtps_c__pyext.dir/rosidl_generator_py/leo_msgs/_leo_msgs_s.ep.rosidl_typesupport_fastrtps_c.c.o[0m
[5.840s] [ 93%] [32mBuilding C object CMakeFiles/leo_msgs__rosidl_typesupport_c__pyext.dir/rosidl_generator_py/leo_msgs/_leo_msgs_s.ep.rosidl_typesupport_c.c.o[0m
[5.844s] [ 95%] [32mBuilding C object CMakeFiles/leo_msgs__rosidl_typesupport_introspection_c__pyext.dir/rosidl_generator_py/leo_msgs/_leo_msgs_s.ep.rosidl_typesupport_introspection_c.c.o[0m
[5.911s] [ 96%] [32m[1mLinking C shared library rosidl_generator_py/leo_msgs/leo_msgs_s__rosidl_typesupport_fastrtps_c.cpython-310-x86_64-linux-gnu.so[0m
[5.930s] [ 98%] [32m[1mLinking C shared library rosidl_generator_py/leo_msgs/leo_msgs_s__rosidl_typesupport_c.cpython-310-x86_64-linux-gnu.so[0m
[5.937s] [100%] [32m[1mLinking C shared library rosidl_generator_py/leo_msgs/leo_msgs_s__rosidl_typesupport_introspection_c.cpython-310-x86_64-linux-gnu.so[0m
[5.987s] [100%] Built target leo_msgs__rosidl_typesupport_introspection_c__pyext
[5.989s] [100%] Built target leo_msgs__rosidl_typesupport_fastrtps_c__pyext
[5.992s] [100%] Built target leo_msgs__rosidl_typesupport_c__pyext
[5.999s] Invoked command in '/home/podgem/leo_rover_project/ros2_ws/build/leo_msgs' returned '0': CMAKE_PREFIX_PATH=/opt/ros/humble PS1=(venv) \[\e]0;\u@\h: \w\a\]${debian_chroot:+($debian_chroot)}\[\033[01;32m\]\u@\h\[\033[00m\]:\[\033[01;34m\]\w\[\033[00m\]\$ VIRTUAL_ENV_PROMPT=(venv) /usr/bin/cmake --build /home/podgem/leo_rover_project/ros2_ws/build/leo_msgs -- -j12 -l12
[6.001s] Invoking command in '/home/podgem/leo_rover_project/ros2_ws/build/leo_msgs': CMAKE_PREFIX_PATH=/opt/ros/humble PS1=(venv) \[\e]0;\u@\h: \w\a\]${debian_chroot:+($debian_chroot)}\[\033[01;32m\]\u@\h\[\033[00m\]:\[\033[01;34m\]\w\[\033[00m\]\$ VIRTUAL_ENV_PROMPT=(venv) /usr/bin/cmake --install /home/podgem/leo_rover_project/ros2_ws/build/leo_msgs
[6.005s] -- Install configuration: ""
[6.005s] -- Installing: /home/podgem/leo_rover_project/ros2_ws/install/leo_msgs/share/ament_index/resource_index/rosidl_interfaces/leo_msgs
[6.005s] -- Installing: /home/podgem/leo_rover_project/ros2_ws/install/leo_msgs/include/leo_msgs/leo_msgs
[6.006s] -- Installing: /home/podgem/leo_rover_project/ros2_ws/install/leo_msgs/include/leo_msgs/leo_msgs/msg
[6.006s] -- Installing: /home/podgem/leo_rover_project/ros2_ws/install/leo_msgs/include/leo_msgs/leo_msgs/msg/detail
[6.006s] -- Installing: /home/podgem/leo_rover_project/ros2_ws/install/leo_msgs/include/leo_msgs/leo_msgs/msg/detail/wheel_odom__struct.h
[6.006s] -- Installing: /home/podgem/leo_rover_project/ros2_ws/install/leo_msgs/include/leo_msgs/leo_msgs/msg/detail/imu__functions.c
[6.006s] -- Installing: /home/podgem/leo_rover_project/ros2_ws/install/leo_msgs/include/leo_msgs/leo_msgs/msg/detail/wheel_states__functions.c
[6.006s] -- Installing: /home/podgem/leo_rover_project/ros2_ws/install/leo_msgs/include/leo_msgs/leo_msgs/msg/detail/wheel_odom_mecanum__functions.h
[6.006s] -- Installing: /home/podgem/leo_rover_project/ros2_ws/install/leo_msgs/include/leo_msgs/leo_msgs/msg/detail/wheel_states__functions.h
[6.007s] -- Installing: /home/podgem/leo_rover_project/ros2_ws/install/leo_msgs/include/leo_msgs/leo_msgs/msg/detail/wheel_odom__functions.h
[6.007s] -- Installing: /home/podgem/leo_rover_project/ros2_ws/install/leo_msgs/include/leo_msgs/leo_msgs/msg/detail/wheel_odom__functions.c
[6.007s] -- Installing: /home/podgem/leo_rover_project/ros2_ws/install/leo_msgs/include/leo_msgs/leo_msgs/msg/detail/wheel_odom_mecanum__functions.c
[6.007s] -- Installing: /home/podgem/leo_rover_project/ros2_ws/install/leo_msgs/include/leo_msgs/leo_msgs/msg/detail/wheel_odom__type_support.h
[6.007s] -- Installing: /home/podgem/leo_rover_project/ros2_ws/install/leo_msgs/include/leo_msgs/leo_msgs/msg/detail/wheel_odom_mecanum__type_support.h
[6.007s] -- Installing: /home/podgem/leo_rover_project/ros2_ws/install/leo_msgs/include/leo_msgs/leo_msgs/msg/detail/imu__type_support.h
[6.007s] -- Installing: /home/podgem/leo_rover_project/ros2_ws/install/leo_msgs/include/leo_msgs/leo_msgs/msg/detail/imu__struct.h
[6.007s] -- Installing: /home/podgem/leo_rover_project/ros2_ws/install/leo_msgs/include/leo_msgs/leo_msgs/msg/detail/wheel_states__type_support.h
[6.007s] -- Installing: /home/podgem/leo_rover_project/ros2_ws/install/leo_msgs/include/leo_msgs/leo_msgs/msg/detail/wheel_odom_mecanum__struct.h
[6.007s] -- Installing: /home/podgem/leo_rover_project/ros2_ws/install/leo_msgs/include/leo_msgs/leo_msgs/msg/detail/wheel_states__struct.h
[6.007s] -- Installing: /home/podgem/leo_rover_project/ros2_ws/install/leo_msgs/include/leo_msgs/leo_msgs/msg/detail/imu__functions.h
[6.008s] -- Installing: /home/podgem/leo_rover_project/ros2_ws/install/leo_msgs/include/leo_msgs/leo_msgs/msg/wheel_odom_mecanum.h
[6.008s] -- Installing: /home/podgem/leo_rover_project/ros2_ws/install/leo_msgs/include/leo_msgs/leo_msgs/msg/rosidl_generator_c__visibility_control.h
[6.008s] -- Installing: /home/podgem/leo_rover_project/ros2_ws/install/leo_msgs/include/leo_msgs/leo_msgs/msg/wheel_states.h
[6.008s] -- Installing: /home/podgem/leo_rover_project/ros2_ws/install/leo_msgs/include/leo_msgs/leo_msgs/msg/wheel_odom.h
[6.008s] -- Installing: /home/podgem/leo_rover_project/ros2_ws/install/leo_msgs/include/leo_msgs/leo_msgs/msg/imu.h
[6.008s] -- Installing: /home/podgem/leo_rover_project/ros2_ws/install/leo_msgs/include/leo_msgs/leo_msgs/srv
[6.009s] -- Installing: /home/podgem/leo_rover_project/ros2_ws/install/leo_msgs/include/leo_msgs/leo_msgs/srv/detail
[6.009s] -- Installing: /home/podgem/leo_rover_project/ros2_ws/install/leo_msgs/include/leo_msgs/leo_msgs/srv/detail/set_imu_calibration__functions.c
[6.009s] -- Installing: /home/podgem/leo_rover_project/ros2_ws/install/leo_msgs/include/leo_msgs/leo_msgs/srv/detail/set_imu_calibration__type_support.h
[6.009s] -- Installing: /home/podgem/leo_rover_project/ros2_ws/install/leo_msgs/include/leo_msgs/leo_msgs/srv/detail/set_imu_calibration__functions.h
[6.010s] -- Installing: /home/podgem/leo_rover_project/ros2_ws/install/leo_msgs/include/leo_msgs/leo_msgs/srv/detail/set_imu_calibration__struct.h
[6.010s] -- Installing: /home/podgem/leo_rover_project/ros2_ws/install/leo_msgs/include/leo_msgs/leo_msgs/srv/set_imu_calibration.h
[6.010s] -- Installing: /home/podgem/leo_rover_project/ros2_ws/install/leo_msgs/share/leo_msgs/environment/library_path.sh
[6.010s] -- Installing: /home/podgem/leo_rover_project/ros2_ws/install/leo_msgs/share/leo_msgs/environment/library_path.dsv
[6.010s] -- Installing: /home/podgem/leo_rover_project/ros2_ws/install/leo_msgs/lib/libleo_msgs__rosidl_generator_c.so
[6.010s] -- Set runtime path of "/home/podgem/leo_rover_project/ros2_ws/install/leo_msgs/lib/libleo_msgs__rosidl_generator_c.so" to ""
[6.010s] -- Up-to-date: /home/podgem/leo_rover_project/ros2_ws/install/leo_msgs/include/leo_msgs/leo_msgs
[6.010s] -- Up-to-date: /home/podgem/leo_rover_project/ros2_ws/install/leo_msgs/include/leo_msgs/leo_msgs/msg
[6.011s] -- Up-to-date: /home/podgem/leo_rover_project/ros2_ws/install/leo_msgs/include/leo_msgs/leo_msgs/msg/detail
[6.011s] -- Installing: /home/podgem/leo_rover_project/ros2_ws/install/leo_msgs/include/leo_msgs/leo_msgs/msg/detail/imu__rosidl_typesupport_fastrtps_c.h
[6.012s] -- Installing: /home/podgem/leo_rover_project/ros2_ws/install/leo_msgs/include/leo_msgs/leo_msgs/msg/detail/wheel_odom_mecanum__rosidl_typesupport_fastrtps_c.h
[6.012s] -- Installing: /home/podgem/leo_rover_project/ros2_ws/install/leo_msgs/include/leo_msgs/leo_msgs/msg/detail/wheel_states__rosidl_typesupport_fastrtps_c.h
[6.012s] -- Installing: /home/podgem/leo_rover_project/ros2_ws/install/leo_msgs/include/leo_msgs/leo_msgs/msg/detail/wheel_odom__rosidl_typesupport_fastrtps_c.h
[6.012s] -- Installing: /home/podgem/leo_rover_project/ros2_ws/install/leo_msgs/include/leo_msgs/leo_msgs/msg/rosidl_typesupport_fastrtps_c__visibility_control.h
[6.012s] -- Up-to-date: /home/podgem/leo_rover_project/ros2_ws/install/leo_msgs/include/leo_msgs/leo_msgs/srv
[6.012s] -- Up-to-date: /home/podgem/leo_rover_project/ros2_ws/install/leo_msgs/include/leo_msgs/leo_msgs/srv/detail
[6.012s] -- Installing: /home/podgem/leo_rover_project/ros2_ws/install/leo_msgs/include/leo_msgs/leo_msgs/srv/detail/set_imu_calibration__rosidl_typesupport_fastrtps_c.h
[6.012s] -- Installing: /home/podgem/leo_rover_project/ros2_ws/install/leo_msgs/lib/libleo_msgs__rosidl_typesupport_fastrtps_c.so
[6.013s] -- Set runtime path of "/home/podgem/leo_rover_project/ros2_ws/install/leo_msgs/lib/libleo_msgs__rosidl_typesupport_fastrtps_c.so" to ""
[6.013s] -- Up-to-date: /home/podgem/leo_rover_project/ros2_ws/install/leo_msgs/include/leo_msgs/leo_msgs
[6.013s] -- Up-to-date: /home/podgem/leo_rover_project/ros2_ws/install/leo_msgs/include/leo_msgs/leo_msgs/msg
[6.013s] -- Up-to-date: /home/podgem/leo_rover_project/ros2_ws/install/leo_msgs/include/leo_msgs/leo_msgs/msg/detail
[6.013s] -- Installing: /home/podgem/leo_rover_project/ros2_ws/install/leo_msgs/include/leo_msgs/leo_msgs/msg/detail/wheel_odom__type_support.c
[6.013s] -- Installing: /home/podgem/leo_rover_project/ros2_ws/install/leo_msgs/include/leo_msgs/leo_msgs/msg/detail/wheel_odom_mecanum__type_support.c
[6.013s] -- Installing: /home/podgem/leo_rover_project/ros2_ws/install/leo_msgs/include/leo_msgs/leo_msgs/msg/detail/wheel_odom_mecanum__rosidl_typesupport_introspection_c.h
[6.013s] -- Installing: /home/podgem/leo_rover_project/ros2_ws/install/leo_msgs/include/leo_msgs/leo_msgs/msg/detail/wheel_odom__rosidl_typesupport_introspection_c.h
[6.014s] -- Installing: /home/podgem/leo_rover_project/ros2_ws/install/leo_msgs/include/leo_msgs/leo_msgs/msg/detail/wheel_states__rosidl_typesupport_introspection_c.h
[6.014s] -- Installing: /home/podgem/leo_rover_project/ros2_ws/install/leo_msgs/include/leo_msgs/leo_msgs/msg/detail/wheel_states__type_support.c
[6.014s] -- Installing: /home/podgem/leo_rover_project/ros2_ws/install/leo_msgs/include/leo_msgs/leo_msgs/msg/detail/imu__rosidl_typesupport_introspection_c.h
[6.014s] -- Installing: /home/podgem/leo_rover_project/ros2_ws/install/leo_msgs/include/leo_msgs/leo_msgs/msg/detail/imu__type_support.c
[6.014s] -- Installing: /home/podgem/leo_rover_project/ros2_ws/install/leo_msgs/include/leo_msgs/leo_msgs/msg/rosidl_typesupport_introspection_c__visibility_control.h
[6.014s] -- Up-to-date: /home/podgem/leo_rover_project/ros2_ws/install/leo_msgs/include/leo_msgs/leo_msgs/srv
[6.014s] -- Up-to-date: /home/podgem/leo_rover_project/ros2_ws/install/leo_msgs/include/leo_msgs/leo_msgs/srv/detail
[6.014s] -- Installing: /home/podgem/leo_rover_project/ros2_ws/install/leo_msgs/include/leo_msgs/leo_msgs/srv/detail/set_imu_calibration__type_support.c
[6.014s] -- Installing: /home/podgem/leo_rover_project/ros2_ws/install/leo_msgs/include/leo_msgs/leo_msgs/srv/detail/set_imu_calibration__rosidl_typesupport_introspection_c.h
[6.015s] -- Installing: /home/podgem/leo_rover_project/ros2_ws/install/leo_msgs/lib/libleo_msgs__rosidl_typesupport_introspection_c.so
[6.015s] -- Set runtime path of "/home/podgem/leo_rover_project/ros2_ws/install/leo_msgs/lib/libleo_msgs__rosidl_typesupport_introspection_c.so" to ""
[6.016s] -- Installing: /home/podgem/leo_rover_project/ros2_ws/install/leo_msgs/lib/libleo_msgs__rosidl_typesupport_c.so
[6.017s] -- Set runtime path of "/home/podgem/leo_rover_project/ros2_ws/install/leo_msgs/lib/libleo_msgs__rosidl_typesupport_c.so" to ""
[6.017s] -- Up-to-date: /home/podgem/leo_rover_project/ros2_ws/install/leo_msgs/include/leo_msgs/leo_msgs
[6.017s] -- Up-to-date: /home/podgem/leo_rover_project/ros2_ws/install/leo_msgs/include/leo_msgs/leo_msgs/msg
[6.017s] -- Installing: /home/podgem/leo_rover_project/ros2_ws/install/leo_msgs/include/leo_msgs/leo_msgs/msg/wheel_states.hpp
[6.017s] -- Up-to-date: /home/podgem/leo_rover_project/ros2_ws/install/leo_msgs/include/leo_msgs/leo_msgs/msg/detail
[6.017s] -- Installing: /home/podgem/leo_rover_project/ros2_ws/install/leo_msgs/include/leo_msgs/leo_msgs/msg/detail/wheel_odom__traits.hpp
[6.018s] -- Installing: /home/podgem/leo_rover_project/ros2_ws/install/leo_msgs/include/leo_msgs/leo_msgs/msg/detail/wheel_odom__builder.hpp
[6.018s] -- Installing: /home/podgem/leo_rover_project/ros2_ws/install/leo_msgs/include/leo_msgs/leo_msgs/msg/detail/imu__traits.hpp
[6.018s] -- Installing: /home/podgem/leo_rover_project/ros2_ws/install/leo_msgs/include/leo_msgs/leo_msgs/msg/detail/wheel_odom__type_support.hpp
[6.018s] -- Installing: /home/podgem/leo_rover_project/ros2_ws/install/leo_msgs/include/leo_msgs/leo_msgs/msg/detail/imu__builder.hpp
[6.018s] -- Installing: /home/podgem/leo_rover_project/ros2_ws/install/leo_msgs/include/leo_msgs/leo_msgs/msg/detail/wheel_odom__struct.hpp
[6.018s] -- Installing: /home/podgem/leo_rover_project/ros2_ws/install/leo_msgs/include/leo_msgs/leo_msgs/msg/detail/wheel_odom_mecanum__struct.hpp
[6.018s] -- Installing: /home/podgem/leo_rover_project/ros2_ws/install/leo_msgs/include/leo_msgs/leo_msgs/msg/detail/wheel_odom_mecanum__builder.hpp
[6.018s] -- Installing: /home/podgem/leo_rover_project/ros2_ws/install/leo_msgs/include/leo_msgs/leo_msgs/msg/detail/imu__type_support.hpp
[6.018s] -- Installing: /home/podgem/leo_rover_project/ros2_ws/install/leo_msgs/include/leo_msgs/leo_msgs/msg/detail/imu__struct.hpp
[6.018s] -- Installing: /home/podgem/leo_rover_project/ros2_ws/install/leo_msgs/include/leo_msgs/leo_msgs/msg/detail/wheel_states__traits.hpp
[6.018s] -- Installing: /home/podgem/leo_rover_project/ros2_ws/install/leo_msgs/include/leo_msgs/leo_msgs/msg/detail/wheel_states__type_support.hpp
[6.018s] -- Installing: /home/podgem/leo_rover_project/ros2_ws/install/leo_msgs/include/leo_msgs/leo_msgs/msg/detail/wheel_states__struct.hpp
[6.018s] -- Installing: /home/podgem/leo_rover_project/ros2_ws/install/leo_msgs/include/leo_msgs/leo_msgs/msg/detail/wheel_odom_mecanum__traits.hpp
[6.018s] -- Installing: /home/podgem/leo_rover_project/ros2_ws/install/leo_msgs/include/leo_msgs/leo_msgs/msg/detail/wheel_states__builder.hpp
[6.018s] -- Installing: /home/podgem/leo_rover_project/ros2_ws/install/leo_msgs/include/leo_msgs/leo_msgs/msg/detail/wheel_odom_mecanum__type_support.hpp
[6.018s] -- Installing: /home/podgem/leo_rover_project/ros2_ws/install/leo_msgs/include/leo_msgs/leo_msgs/msg/imu.hpp
[6.018s] -- Installing: /home/podgem/leo_rover_project/ros2_ws/install/leo_msgs/include/leo_msgs/leo_msgs/msg/wheel_odom_mecanum.hpp
[6.018s] -- Installing: /home/podgem/leo_rover_project/ros2_ws/install/leo_msgs/include/leo_msgs/leo_msgs/msg/wheel_odom.hpp
[6.018s] -- Installing: /home/podgem/leo_rover_project/ros2_ws/install/leo_msgs/include/leo_msgs/leo_msgs/msg/rosidl_generator_cpp__visibility_control.hpp
[6.018s] -- Up-to-date: /home/podgem/leo_rover_project/ros2_ws/install/leo_msgs/include/leo_msgs/leo_msgs/srv
[6.018s] -- Up-to-date: /home/podgem/leo_rover_project/ros2_ws/install/leo_msgs/include/leo_msgs/leo_msgs/srv/detail
[6.019s] -- Installing: /home/podgem/leo_rover_project/ros2_ws/install/leo_msgs/include/leo_msgs/leo_msgs/srv/detail/set_imu_calibration__struct.hpp
[6.019s] -- Installing: /home/podgem/leo_rover_project/ros2_ws/install/leo_msgs/include/leo_msgs/leo_msgs/srv/detail/set_imu_calibration__builder.hpp
[6.019s] -- Installing: /home/podgem/leo_rover_project/ros2_ws/install/leo_msgs/include/leo_msgs/leo_msgs/srv/detail/set_imu_calibration__traits.hpp
[6.019s] -- Installing: /home/podgem/leo_rover_project/ros2_ws/install/leo_msgs/include/leo_msgs/leo_msgs/srv/detail/set_imu_calibration__type_support.hpp
[6.019s] -- Installing: /home/podgem/leo_rover_project/ros2_ws/install/leo_msgs/include/leo_msgs/leo_msgs/srv/set_imu_calibration.hpp
[6.019s] -- Up-to-date: /home/podgem/leo_rover_project/ros2_ws/install/leo_msgs/include/leo_msgs/leo_msgs
[6.019s] -- Up-to-date: /home/podgem/leo_rover_project/ros2_ws/install/leo_msgs/include/leo_msgs/leo_msgs/msg
[6.019s] -- Up-to-date: /home/podgem/leo_rover_project/ros2_ws/install/leo_msgs/include/leo_msgs/leo_msgs/msg/detail
[6.019s] -- Installing: /home/podgem/leo_rover_project/ros2_ws/install/leo_msgs/include/leo_msgs/leo_msgs/msg/detail/dds_fastrtps
[6.019s] -- Installing: /home/podgem/leo_rover_project/ros2_ws/install/leo_msgs/include/leo_msgs/leo_msgs/msg/detail/wheel_states__rosidl_typesupport_fastrtps_cpp.hpp
[6.019s] -- Installing: /home/podgem/leo_rover_project/ros2_ws/install/leo_msgs/include/leo_msgs/leo_msgs/msg/detail/wheel_odom__rosidl_typesupport_fastrtps_cpp.hpp
[6.019s] -- Installing: /home/podgem/leo_rover_project/ros2_ws/install/leo_msgs/include/leo_msgs/leo_msgs/msg/detail/wheel_odom_mecanum__rosidl_typesupport_fastrtps_cpp.hpp
[6.019s] -- Installing: /home/podgem/leo_rover_project/ros2_ws/install/leo_msgs/include/leo_msgs/leo_msgs/msg/detail/imu__rosidl_typesupport_fastrtps_cpp.hpp
[6.019s] -- Installing: /home/podgem/leo_rover_project/ros2_ws/install/leo_msgs/include/leo_msgs/leo_msgs/msg/rosidl_typesupport_fastrtps_cpp__visibility_control.h
[6.019s] -- Up-to-date: /home/podgem/leo_rover_project/ros2_ws/install/leo_msgs/include/leo_msgs/leo_msgs/srv
[6.019s] -- Up-to-date: /home/podgem/leo_rover_project/ros2_ws/install/leo_msgs/include/leo_msgs/leo_msgs/srv/detail
[6.019s] -- Installing: /home/podgem/leo_rover_project/ros2_ws/install/leo_msgs/include/leo_msgs/leo_msgs/srv/detail/dds_fastrtps
[6.019s] -- Installing: /home/podgem/leo_rover_project/ros2_ws/install/leo_msgs/include/leo_msgs/leo_msgs/srv/detail/set_imu_calibration__rosidl_typesupport_fastrtps_cpp.hpp
[6.019s] -- Installing: /home/podgem/leo_rover_project/ros2_ws/install/leo_msgs/lib/libleo_msgs__rosidl_typesupport_fastrtps_cpp.so
[6.019s] -- Set runtime path of "/home/podgem/leo_rover_project/ros2_ws/install/leo_msgs/lib/libleo_msgs__rosidl_typesupport_fastrtps_cpp.so" to ""
[6.019s] -- Up-to-date: /home/podgem/leo_rover_project/ros2_ws/install/leo_msgs/include/leo_msgs/leo_msgs
[6.019s] -- Up-to-date: /home/podgem/leo_rover_project/ros2_ws/install/leo_msgs/include/leo_msgs/leo_msgs/msg
[6.019s] -- Up-to-date: /home/podgem/leo_rover_project/ros2_ws/install/leo_msgs/include/leo_msgs/leo_msgs/msg/detail
[6.019s] -- Installing: /home/podgem/leo_rover_project/ros2_ws/install/leo_msgs/include/leo_msgs/leo_msgs/msg/detail/wheel_states__type_support.cpp
[6.019s] -- Installing: /home/podgem/leo_rover_project/ros2_ws/install/leo_msgs/include/leo_msgs/leo_msgs/msg/detail/wheel_odom__rosidl_typesupport_introspection_cpp.hpp
[6.020s] -- Installing: /home/podgem/leo_rover_project/ros2_ws/install/leo_msgs/include/leo_msgs/leo_msgs/msg/detail/wheel_odom__type_support.cpp
[6.020s] -- Installing: /home/podgem/leo_rover_project/ros2_ws/install/leo_msgs/include/leo_msgs/leo_msgs/msg/detail/wheel_odom_mecanum__rosidl_typesupport_introspection_cpp.hpp
[6.020s] -- Installing: /home/podgem/leo_rover_project/ros2_ws/install/leo_msgs/include/leo_msgs/leo_msgs/msg/detail/imu__rosidl_typesupport_introspection_cpp.hpp
[6.020s] -- Installing: /home/podgem/leo_rover_project/ros2_ws/install/leo_msgs/include/leo_msgs/leo_msgs/msg/detail/wheel_odom_mecanum__type_support.cpp
[6.020s] -- Installing: /home/podgem/leo_rover_project/ros2_ws/install/leo_msgs/include/leo_msgs/leo_msgs/msg/detail/imu__type_support.cpp
[6.020s] -- Installing: /home/podgem/leo_rover_project/ros2_ws/install/leo_msgs/include/leo_msgs/leo_msgs/msg/detail/wheel_states__rosidl_typesupport_introspection_cpp.hpp
[6.020s] -- Up-to-date: /home/podgem/leo_rover_project/ros2_ws/install/leo_msgs/include/leo_msgs/leo_msgs/srv
[6.020s] -- Up-to-date: /home/podgem/leo_rover_project/ros2_ws/install/leo_msgs/include/leo_msgs/leo_msgs/srv/detail
[6.020s] -- Installing: /home/podgem/leo_rover_project/ros2_ws/install/leo_msgs/include/leo_msgs/leo_msgs/srv/detail/set_imu_calibration__rosidl_typesupport_introspection_cpp.hpp
[6.020s] -- Installing: /home/podgem/leo_rover_project/ros2_ws/install/leo_msgs/include/leo_msgs/leo_msgs/srv/detail/set_imu_calibration__type_support.cpp
[6.020s] -- Installing: /home/podgem/leo_rover_project/ros2_ws/install/leo_msgs/lib/libleo_msgs__rosidl_typesupport_introspection_cpp.so
[6.020s] -- Set runtime path of "/home/podgem/leo_rover_project/ros2_ws/install/leo_msgs/lib/libleo_msgs__rosidl_typesupport_introspection_cpp.so" to ""
[6.020s] -- Installing: /home/podgem/leo_rover_project/ros2_ws/install/leo_msgs/lib/libleo_msgs__rosidl_typesupport_cpp.so
[6.020s] -- Set runtime path of "/home/podgem/leo_rover_project/ros2_ws/install/leo_msgs/lib/libleo_msgs__rosidl_typesupport_cpp.so" to ""
[6.021s] -- Installing: /home/podgem/leo_rover_project/ros2_ws/install/leo_msgs/share/leo_msgs/environment/pythonpath.sh
[6.021s] -- Installing: /home/podgem/leo_rover_project/ros2_ws/install/leo_msgs/share/leo_msgs/environment/pythonpath.dsv
[6.021s] -- Installing: /home/podgem/leo_rover_project/ros2_ws/install/leo_msgs/lib/python3.10/site-packages/leo_msgs-1.2.4-py3.10.egg-info
[6.021s] -- Installing: /home/podgem/leo_rover_project/ros2_ws/install/leo_msgs/lib/python3.10/site-packages/leo_msgs-1.2.4-py3.10.egg-info/SOURCES.txt
[6.021s] -- Installing: /home/podgem/leo_rover_project/ros2_ws/install/leo_msgs/lib/python3.10/site-packages/leo_msgs-1.2.4-py3.10.egg-info/PKG-INFO
[6.021s] -- Installing: /home/podgem/leo_rover_project/ros2_ws/install/leo_msgs/lib/python3.10/site-packages/leo_msgs-1.2.4-py3.10.egg-info/dependency_links.txt
[6.021s] -- Installing: /home/podgem/leo_rover_project/ros2_ws/install/leo_msgs/lib/python3.10/site-packages/leo_msgs-1.2.4-py3.10.egg-info/top_level.txt
[6.021s] -- Installing: /home/podgem/leo_rover_project/ros2_ws/install/leo_msgs/lib/python3.10/site-packages/leo_msgs
[6.021s] -- Installing: /home/podgem/leo_rover_project/ros2_ws/install/leo_msgs/lib/python3.10/site-packages/leo_msgs/libleo_msgs__rosidl_generator_py.so
[6.021s] -- Installing: /home/podgem/leo_rover_project/ros2_ws/install/leo_msgs/lib/python3.10/site-packages/leo_msgs/_leo_msgs_s.ep.rosidl_typesupport_c.c
[6.021s] -- Installing: /home/podgem/leo_rover_project/ros2_ws/install/leo_msgs/lib/python3.10/site-packages/leo_msgs/msg
[6.021s] -- Installing: /home/podgem/leo_rover_project/ros2_ws/install/leo_msgs/lib/python3.10/site-packages/leo_msgs/msg/_wheel_states.py
[6.021s] -- Installing: /home/podgem/leo_rover_project/ros2_ws/install/leo_msgs/lib/python3.10/site-packages/leo_msgs/msg/_wheel_odom_mecanum.py
[6.021s] -- Installing: /home/podgem/leo_rover_project/ros2_ws/install/leo_msgs/lib/python3.10/site-packages/leo_msgs/msg/_wheel_states_s.c
[6.021s] -- Installing: /home/podgem/leo_rover_project/ros2_ws/install/leo_msgs/lib/python3.10/site-packages/leo_msgs/msg/_wheel_odom.py
[6.021s] -- Installing: /home/podgem/leo_rover_project/ros2_ws/install/leo_msgs/lib/python3.10/site-packages/leo_msgs/msg/_wheel_odom_mecanum_s.c
[6.021s] -- Installing: /home/podgem/leo_rover_project/ros2_ws/install/leo_msgs/lib/python3.10/site-packages/leo_msgs/msg/__init__.py
[6.021s] -- Installing: /home/podgem/leo_rover_project/ros2_ws/install/leo_msgs/lib/python3.10/site-packages/leo_msgs/msg/_wheel_odom_s.c
[6.021s] -- Installing: /home/podgem/leo_rover_project/ros2_ws/install/leo_msgs/lib/python3.10/site-packages/leo_msgs/msg/_imu_s.c
[6.021s] -- Installing: /home/podgem/leo_rover_project/ros2_ws/install/leo_msgs/lib/python3.10/site-packages/leo_msgs/msg/_imu.py
[6.021s] -- Installing: /home/podgem/leo_rover_project/ros2_ws/install/leo_msgs/lib/python3.10/site-packages/leo_msgs/_leo_msgs_s.ep.rosidl_typesupport_fastrtps_c.c
[6.021s] -- Installing: /home/podgem/leo_rover_project/ros2_ws/install/leo_msgs/lib/python3.10/site-packages/leo_msgs/_leo_msgs_s.ep.rosidl_typesupport_introspection_c.c
[6.021s] -- Installing: /home/podgem/leo_rover_project/ros2_ws/install/leo_msgs/lib/python3.10/site-packages/leo_msgs/srv
[6.021s] -- Installing: /home/podgem/leo_rover_project/ros2_ws/install/leo_msgs/lib/python3.10/site-packages/leo_msgs/srv/_set_imu_calibration.py
[6.021s] -- Installing: /home/podgem/leo_rover_project/ros2_ws/install/leo_msgs/lib/python3.10/site-packages/leo_msgs/srv/_set_imu_calibration_s.c
[6.021s] -- Installing: /home/podgem/leo_rover_project/ros2_ws/install/leo_msgs/lib/python3.10/site-packages/leo_msgs/srv/__init__.py
[6.022s] -- Installing: /home/podgem/leo_rover_project/ros2_ws/install/leo_msgs/lib/python3.10/site-packages/leo_msgs/leo_msgs_s__rosidl_typesupport_introspection_c.cpython-310-x86_64-linux-gnu.so
[6.022s] -- Installing: /home/podgem/leo_rover_project/ros2_ws/install/leo_msgs/lib/python3.10/site-packages/leo_msgs/__init__.py
[6.022s] -- Installing: /home/podgem/leo_rover_project/ros2_ws/install/leo_msgs/lib/python3.10/site-packages/leo_msgs/leo_msgs_s__rosidl_typesupport_c.cpython-310-x86_64-linux-gnu.so
[6.022s] -- Installing: /home/podgem/leo_rover_project/ros2_ws/install/leo_msgs/lib/python3.10/site-packages/leo_msgs/leo_msgs_s__rosidl_typesupport_fastrtps_c.cpython-310-x86_64-linux-gnu.so
[6.047s] Listing '/home/podgem/leo_rover_project/ros2_ws/install/leo_msgs/lib/python3.10/site-packages/leo_msgs'...
[6.047s] Compiling '/home/podgem/leo_rover_project/ros2_ws/install/leo_msgs/lib/python3.10/site-packages/leo_msgs/__init__.py'...
[6.047s] Listing '/home/podgem/leo_rover_project/ros2_ws/install/leo_msgs/lib/python3.10/site-packages/leo_msgs/msg'...
[6.047s] Compiling '/home/podgem/leo_rover_project/ros2_ws/install/leo_msgs/lib/python3.10/site-packages/leo_msgs/msg/__init__.py'...
[6.047s] Compiling '/home/podgem/leo_rover_project/ros2_ws/install/leo_msgs/lib/python3.10/site-packages/leo_msgs/msg/_imu.py'...
[6.048s] Compiling '/home/podgem/leo_rover_project/ros2_ws/install/leo_msgs/lib/python3.10/site-packages/leo_msgs/msg/_wheel_odom.py'...
[6.048s] Compiling '/home/podgem/leo_rover_project/ros2_ws/install/leo_msgs/lib/python3.10/site-packages/leo_msgs/msg/_wheel_odom_mecanum.py'...
[6.048s] Compiling '/home/podgem/leo_rover_project/ros2_ws/install/leo_msgs/lib/python3.10/site-packages/leo_msgs/msg/_wheel_states.py'...
[6.048s] Listing '/home/podgem/leo_rover_project/ros2_ws/install/leo_msgs/lib/python3.10/site-packages/leo_msgs/srv'...
[6.048s] Compiling '/home/podgem/leo_rover_project/ros2_ws/install/leo_msgs/lib/python3.10/site-packages/leo_msgs/srv/__init__.py'...
[6.048s] Compiling '/home/podgem/leo_rover_project/ros2_ws/install/leo_msgs/lib/python3.10/site-packages/leo_msgs/srv/_set_imu_calibration.py'...
[6.051s] -- Installing: /home/podgem/leo_rover_project/ros2_ws/install/leo_msgs/lib/python3.10/site-packages/leo_msgs/leo_msgs_s__rosidl_typesupport_fastrtps_c.cpython-310-x86_64-linux-gnu.so
[6.051s] -- Set runtime path of "/home/podgem/leo_rover_project/ros2_ws/install/leo_msgs/lib/python3.10/site-packages/leo_msgs/leo_msgs_s__rosidl_typesupport_fastrtps_c.cpython-310-x86_64-linux-gnu.so" to ""
[6.051s] -- Installing: /home/podgem/leo_rover_project/ros2_ws/install/leo_msgs/lib/python3.10/site-packages/leo_msgs/leo_msgs_s__rosidl_typesupport_introspection_c.cpython-310-x86_64-linux-gnu.so
[6.051s] -- Set runtime path of "/home/podgem/leo_rover_project/ros2_ws/install/leo_msgs/lib/python3.10/site-packages/leo_msgs/leo_msgs_s__rosidl_typesupport_introspection_c.cpython-310-x86_64-linux-gnu.so" to ""
[6.051s] -- Installing: /home/podgem/leo_rover_project/ros2_ws/install/leo_msgs/lib/python3.10/site-packages/leo_msgs/leo_msgs_s__rosidl_typesupport_c.cpython-310-x86_64-linux-gnu.so
[6.052s] -- Set runtime path of "/home/podgem/leo_rover_project/ros2_ws/install/leo_msgs/lib/python3.10/site-packages/leo_msgs/leo_msgs_s__rosidl_typesupport_c.cpython-310-x86_64-linux-gnu.so" to ""
[6.052s] -- Installing: /home/podgem/leo_rover_project/ros2_ws/install/leo_msgs/lib/libleo_msgs__rosidl_generator_py.so
[6.052s] -- Set runtime path of "/home/podgem/leo_rover_project/ros2_ws/install/leo_msgs/lib/libleo_msgs__rosidl_generator_py.so" to ""
[6.052s] -- Installing: /home/podgem/leo_rover_project/ros2_ws/install/leo_msgs/share/leo_msgs/msg/Imu.idl
[6.052s] -- Installing: /home/podgem/leo_rover_project/ros2_ws/install/leo_msgs/share/leo_msgs/msg/WheelOdom.idl
[6.052s] -- Installing: /home/podgem/leo_rover_project/ros2_ws/install/leo_msgs/share/leo_msgs/msg/WheelOdomMecanum.idl
[6.053s] -- Installing: /home/podgem/leo_rover_project/ros2_ws/install/leo_msgs/share/leo_msgs/msg/WheelStates.idl
[6.053s] -- Installing: /home/podgem/leo_rover_project/ros2_ws/install/leo_msgs/share/leo_msgs/srv/SetImuCalibration.idl
[6.053s] -- Installing: /home/podgem/leo_rover_project/ros2_ws/install/leo_msgs/share/leo_msgs/msg/Imu.msg
[6.053s] -- Installing: /home/podgem/leo_rover_project/ros2_ws/install/leo_msgs/share/leo_msgs/msg/WheelOdom.msg
[6.053s] -- Installing: /home/podgem/leo_rover_project/ros2_ws/install/leo_msgs/share/leo_msgs/msg/WheelOdomMecanum.msg
[6.053s] -- Installing: /home/podgem/leo_rover_project/ros2_ws/install/leo_msgs/share/leo_msgs/msg/WheelStates.msg
[6.053s] -- Installing: /home/podgem/leo_rover_project/ros2_ws/install/leo_msgs/share/leo_msgs/srv/SetImuCalibration.srv
[6.053s] -- Installing: /home/podgem/leo_rover_project/ros2_ws/install/leo_msgs/share/leo_msgs/srv/SetImuCalibration_Request.msg
[6.053s] -- Installing: /home/podgem/leo_rover_project/ros2_ws/install/leo_msgs/share/leo_msgs/srv/SetImuCalibration_Response.msg
[6.053s] -- Installing: /home/podgem/leo_rover_project/ros2_ws/install/leo_msgs/share/ament_index/resource_index/package_run_dependencies/leo_msgs
[6.053s] -- Installing: /home/podgem/leo_rover_project/ros2_ws/install/leo_msgs/share/ament_index/resource_index/parent_prefix_path/leo_msgs
[6.054s] -- Installing: /home/podgem/leo_rover_project/ros2_ws/install/leo_msgs/share/leo_msgs/environment/ament_prefix_path.sh
[6.054s] -- Installing: /home/podgem/leo_rover_project/ros2_ws/install/leo_msgs/share/leo_msgs/environment/ament_prefix_path.dsv
[6.054s] -- Installing: /home/podgem/leo_rover_project/ros2_ws/install/leo_msgs/share/leo_msgs/environment/path.sh
[6.054s] -- Installing: /home/podgem/leo_rover_project/ros2_ws/install/leo_msgs/share/leo_msgs/environment/path.dsv
[6.054s] -- Installing: /home/podgem/leo_rover_project/ros2_ws/install/leo_msgs/share/leo_msgs/local_setup.bash
[6.054s] -- Installing: /home/podgem/leo_rover_project/ros2_ws/install/leo_msgs/share/leo_msgs/local_setup.sh
[6.054s] -- Installing: /home/podgem/leo_rover_project/ros2_ws/install/leo_msgs/share/leo_msgs/local_setup.zsh
[6.054s] -- Installing: /home/podgem/leo_rover_project/ros2_ws/install/leo_msgs/share/leo_msgs/local_setup.dsv
[6.054s] -- Installing: /home/podgem/leo_rover_project/ros2_ws/install/leo_msgs/share/leo_msgs/package.dsv
[6.054s] -- Installing: /home/podgem/leo_rover_project/ros2_ws/install/leo_msgs/share/ament_index/resource_index/packages/leo_msgs
[6.054s] -- Installing: /home/podgem/leo_rover_project/ros2_ws/install/leo_msgs/share/leo_msgs/cmake/export_leo_msgs__rosidl_generator_cExport.cmake
[6.054s] -- Installing: /home/podgem/leo_rover_project/ros2_ws/install/leo_msgs/share/leo_msgs/cmake/export_leo_msgs__rosidl_generator_cExport-noconfig.cmake
[6.054s] -- Installing: /home/podgem/leo_rover_project/ros2_ws/install/leo_msgs/share/leo_msgs/cmake/export_leo_msgs__rosidl_typesupport_fastrtps_cExport.cmake
[6.055s] -- Installing: /home/podgem/leo_rover_project/ros2_ws/install/leo_msgs/share/leo_msgs/cmake/export_leo_msgs__rosidl_typesupport_fastrtps_cExport-noconfig.cmake
[6.055s] -- Installing: /home/podgem/leo_rover_project/ros2_ws/install/leo_msgs/share/leo_msgs/cmake/leo_msgs__rosidl_typesupport_introspection_cExport.cmake
[6.055s] -- Installing: /home/podgem/leo_rover_project/ros2_ws/install/leo_msgs/share/leo_msgs/cmake/leo_msgs__rosidl_typesupport_introspection_cExport-noconfig.cmake
[6.055s] -- Installing: /home/podgem/leo_rover_project/ros2_ws/install/leo_msgs/share/leo_msgs/cmake/leo_msgs__rosidl_typesupport_cExport.cmake
[6.055s] -- Installing: /home/podgem/leo_rover_project/ros2_ws/install/leo_msgs/share/leo_msgs/cmake/leo_msgs__rosidl_typesupport_cExport-noconfig.cmake
[6.055s] -- Installing: /home/podgem/leo_rover_project/ros2_ws/install/leo_msgs/share/leo_msgs/cmake/export_leo_msgs__rosidl_generator_cppExport.cmake
[6.055s] -- Installing: /home/podgem/leo_rover_project/ros2_ws/install/leo_msgs/share/leo_msgs/cmake/export_leo_msgs__rosidl_typesupport_fastrtps_cppExport.cmake
[6.055s] -- Installing: /home/podgem/leo_rover_project/ros2_ws/install/leo_msgs/share/leo_msgs/cmake/export_leo_msgs__rosidl_typesupport_fastrtps_cppExport-noconfig.cmake
[6.055s] -- Installing: /home/podgem/leo_rover_project/ros2_ws/install/leo_msgs/share/leo_msgs/cmake/leo_msgs__rosidl_typesupport_introspection_cppExport.cmake
[6.055s] -- Installing: /home/podgem/leo_rover_project/ros2_ws/install/leo_msgs/share/leo_msgs/cmake/leo_msgs__rosidl_typesupport_introspection_cppExport-noconfig.cmake
[6.055s] -- Installing: /home/podgem/leo_rover_project/ros2_ws/install/leo_msgs/share/leo_msgs/cmake/leo_msgs__rosidl_typesupport_cppExport.cmake
[6.055s] -- Installing: /home/podgem/leo_rover_project/ros2_ws/install/leo_msgs/share/leo_msgs/cmake/leo_msgs__rosidl_typesupport_cppExport-noconfig.cmake
[6.055s] -- Installing: /home/podgem/leo_rover_project/ros2_ws/install/leo_msgs/share/leo_msgs/cmake/export_leo_msgs__rosidl_generator_pyExport.cmake
[6.055s] -- Installing: /home/podgem/leo_rover_project/ros2_ws/install/leo_msgs/share/leo_msgs/cmake/export_leo_msgs__rosidl_generator_pyExport-noconfig.cmake
[6.055s] -- Installing: /home/podgem/leo_rover_project/ros2_ws/install/leo_msgs/share/leo_msgs/cmake/rosidl_cmake-extras.cmake
[6.055s] -- Installing: /home/podgem/leo_rover_project/ros2_ws/install/leo_msgs/share/leo_msgs/cmake/ament_cmake_export_dependencies-extras.cmake
[6.055s] -- Installing: /home/podgem/leo_rover_project/ros2_ws/install/leo_msgs/share/leo_msgs/cmake/ament_cmake_export_include_directories-extras.cmake
[6.055s] -- Installing: /home/podgem/leo_rover_project/ros2_ws/install/leo_msgs/share/leo_msgs/cmake/ament_cmake_export_libraries-extras.cmake
[6.055s] -- Installing: /home/podgem/leo_rover_project/ros2_ws/install/leo_msgs/share/leo_msgs/cmake/ament_cmake_export_targets-extras.cmake
[6.056s] -- Installing: /home/podgem/leo_rover_project/ros2_ws/install/leo_msgs/share/leo_msgs/cmake/rosidl_cmake_export_typesupport_targets-extras.cmake
[6.056s] -- Installing: /home/podgem/leo_rover_project/ros2_ws/install/leo_msgs/share/leo_msgs/cmake/rosidl_cmake_export_typesupport_libraries-extras.cmake
[6.056s] -- Installing: /home/podgem/leo_rover_project/ros2_ws/install/leo_msgs/share/leo_msgs/cmake/leo_msgsConfig.cmake
[6.056s] -- Installing: /home/podgem/leo_rover_project/ros2_ws/install/leo_msgs/share/leo_msgs/cmake/leo_msgsConfig-version.cmake
[6.056s] -- Installing: /home/podgem/leo_rover_project/ros2_ws/install/leo_msgs/share/leo_msgs/package.xml
[6.057s] Invoked command in '/home/podgem/leo_rover_project/ros2_ws/build/leo_msgs' returned '0': CMAKE_PREFIX_PATH=/opt/ros/humble PS1=(venv) \[\e]0;\u@\h: \w\a\]${debian_chroot:+($debian_chroot)}\[\033[01;32m\]\u@\h\[\033[00m\]:\[\033[01;34m\]\w\[\033[00m\]\$ VIRTUAL_ENV_PROMPT=(venv) /usr/bin/cmake --install /home/podgem/leo_rover_project/ros2_ws/build/leo_msgs
