[0.259s] Invoking command in '/home/podgem/leo_rover_project/ros2_ws/build/leo_gz_bringup': AMENT_PREFIX_PATH=/home/podgem/leo_rover_project/ros2_ws/install/leo_gz_worlds:/home/podgem/leo_rover_project/ros2_ws/install/leo_gz_plugins:/home/podgem/leo_rover_project/ros2_ws/install/leo_description:${AMENT_PREFIX_PATH} CMAKE_PREFIX_PATH=/home/podgem/leo_rover_project/ros2_ws/install/leo_gz_worlds:/home/podgem/leo_rover_project/ros2_ws/install/leo_gz_plugins:/home/podgem/leo_rover_project/ros2_ws/install/leo_description:/opt/ros/humble LD_LIBRARY_PATH=/home/podgem/leo_rover_project/ros2_ws/install/leo_gz_plugins/lib:/home/podgem/leo_rover_project/ros2_ws/install/leo_msgs/lib:/opt/ros/humble/opt/rviz_ogre_vendor/lib:/opt/ros/humble/lib/x86_64-linux-gnu:/opt/ros/humble/lib PS1=(venv) \[\e]0;\u@\h: \w\a\]${debian_chroot:+($debian_chroot)}\[\033[01;32m\]\u@\h\[\033[00m\]:\[\033[01;34m\]\w\[\033[00m\]\$ VIRTUAL_ENV_PROMPT=(venv) /usr/bin/cmake /home/podgem/leo_rover_project/ros2_ws/src/leo_simulator-ros2/leo_gz_bringup -DCMAKE_INSTALL_PREFIX=/home/podgem/leo_rover_project/ros2_ws/install/leo_gz_bringup
[0.415s] -- The C compiler identification is GNU 11.4.0
[1.020s] -- The CXX compiler identification is GNU 11.4.0
[1.429s] -- Detecting C compiler ABI info
[1.587s] -- Detecting C compiler ABI info - done
[1.596s] -- Check for working C compiler: /usr/bin/cc - skipped
[1.597s] -- Detecting C compile features
[1.602s] -- Detecting C compile features - done
[1.610s] -- Detecting CXX compiler ABI info
[1.772s] -- Detecting CXX compiler ABI info - done
[1.776s] -- Check for working CXX compiler: /usr/bin/c++ - skipped
[1.776s] -- Detecting CXX compile features
[1.776s] -- Detecting CXX compile features - done
[1.778s] -- Found ament_cmake: 1.3.11 (/opt/ros/humble/share/ament_cmake/cmake)
[1.909s] -- Found Python3: /home/podgem/leo_rover_project/venv/bin/python3 (found version "3.10.12") found components: Interpreter 
[1.977s] -- Found ament_lint_auto: 0.12.11 (/opt/ros/humble/share/ament_lint_auto/cmake)
[2.041s] -- Added test 'black' to check Python code style
[2.042s] -- Added test 'copyright' to check source files copyright and LICENSE
[2.042s] -- Added test 'lint_cmake' to check CMake code style
[2.043s] -- Added test 'mypy' to statically type check Python code.
[2.044s] -- Added test 'xmllint' to check XML markup files
[2.066s] -- Configuring done
[2.070s] -- Generating done
[2.071s] -- Build files have been written to: /home/podgem/leo_rover_project/ros2_ws/build/leo_gz_bringup
[2.075s] Invoked command in '/home/podgem/leo_rover_project/ros2_ws/build/leo_gz_bringup' returned '0': AMENT_PREFIX_PATH=/home/podgem/leo_rover_project/ros2_ws/install/leo_gz_worlds:/home/podgem/leo_rover_project/ros2_ws/install/leo_gz_plugins:/home/podgem/leo_rover_project/ros2_ws/install/leo_description:${AMENT_PREFIX_PATH} CMAKE_PREFIX_PATH=/home/podgem/leo_rover_project/ros2_ws/install/leo_gz_worlds:/home/podgem/leo_rover_project/ros2_ws/install/leo_gz_plugins:/home/podgem/leo_rover_project/ros2_ws/install/leo_description:/opt/ros/humble LD_LIBRARY_PATH=/home/podgem/leo_rover_project/ros2_ws/install/leo_gz_plugins/lib:/home/podgem/leo_rover_project/ros2_ws/install/leo_msgs/lib:/opt/ros/humble/opt/rviz_ogre_vendor/lib:/opt/ros/humble/lib/x86_64-linux-gnu:/opt/ros/humble/lib PS1=(venv) \[\e]0;\u@\h: \w\a\]${debian_chroot:+($debian_chroot)}\[\033[01;32m\]\u@\h\[\033[00m\]:\[\033[01;34m\]\w\[\033[00m\]\$ VIRTUAL_ENV_PROMPT=(venv) /usr/bin/cmake /home/podgem/leo_rover_project/ros2_ws/src/leo_simulator-ros2/leo_gz_bringup -DCMAKE_INSTALL_PREFIX=/home/podgem/leo_rover_project/ros2_ws/install/leo_gz_bringup
[2.077s] Invoking command in '/home/podgem/leo_rover_project/ros2_ws/build/leo_gz_bringup': AMENT_PREFIX_PATH=/home/podgem/leo_rover_project/ros2_ws/install/leo_gz_worlds:/home/podgem/leo_rover_project/ros2_ws/install/leo_gz_plugins:/home/podgem/leo_rover_project/ros2_ws/install/leo_description:${AMENT_PREFIX_PATH} CMAKE_PREFIX_PATH=/home/podgem/leo_rover_project/ros2_ws/install/leo_gz_worlds:/home/podgem/leo_rover_project/ros2_ws/install/leo_gz_plugins:/home/podgem/leo_rover_project/ros2_ws/install/leo_description:/opt/ros/humble LD_LIBRARY_PATH=/home/podgem/leo_rover_project/ros2_ws/install/leo_gz_plugins/lib:/home/podgem/leo_rover_project/ros2_ws/install/leo_msgs/lib:/opt/ros/humble/opt/rviz_ogre_vendor/lib:/opt/ros/humble/lib/x86_64-linux-gnu:/opt/ros/humble/lib PS1=(venv) \[\e]0;\u@\h: \w\a\]${debian_chroot:+($debian_chroot)}\[\033[01;32m\]\u@\h\[\033[00m\]:\[\033[01;34m\]\w\[\033[00m\]\$ VIRTUAL_ENV_PROMPT=(venv) /usr/bin/cmake --build /home/podgem/leo_rover_project/ros2_ws/build/leo_gz_bringup -- -j12 -l12
[2.103s] Invoked command in '/home/podgem/leo_rover_project/ros2_ws/build/leo_gz_bringup' returned '0': AMENT_PREFIX_PATH=/home/podgem/leo_rover_project/ros2_ws/install/leo_gz_worlds:/home/podgem/leo_rover_project/ros2_ws/install/leo_gz_plugins:/home/podgem/leo_rover_project/ros2_ws/install/leo_description:${AMENT_PREFIX_PATH} CMAKE_PREFIX_PATH=/home/podgem/leo_rover_project/ros2_ws/install/leo_gz_worlds:/home/podgem/leo_rover_project/ros2_ws/install/leo_gz_plugins:/home/podgem/leo_rover_project/ros2_ws/install/leo_description:/opt/ros/humble LD_LIBRARY_PATH=/home/podgem/leo_rover_project/ros2_ws/install/leo_gz_plugins/lib:/home/podgem/leo_rover_project/ros2_ws/install/leo_msgs/lib:/opt/ros/humble/opt/rviz_ogre_vendor/lib:/opt/ros/humble/lib/x86_64-linux-gnu:/opt/ros/humble/lib PS1=(venv) \[\e]0;\u@\h: \w\a\]${debian_chroot:+($debian_chroot)}\[\033[01;32m\]\u@\h\[\033[00m\]:\[\033[01;34m\]\w\[\033[00m\]\$ VIRTUAL_ENV_PROMPT=(venv) /usr/bin/cmake --build /home/podgem/leo_rover_project/ros2_ws/build/leo_gz_bringup -- -j12 -l12
[2.104s] Invoking command in '/home/podgem/leo_rover_project/ros2_ws/build/leo_gz_bringup': AMENT_PREFIX_PATH=/home/podgem/leo_rover_project/ros2_ws/install/leo_gz_worlds:/home/podgem/leo_rover_project/ros2_ws/install/leo_gz_plugins:/home/podgem/leo_rover_project/ros2_ws/install/leo_description:${AMENT_PREFIX_PATH} CMAKE_PREFIX_PATH=/home/podgem/leo_rover_project/ros2_ws/install/leo_gz_worlds:/home/podgem/leo_rover_project/ros2_ws/install/leo_gz_plugins:/home/podgem/leo_rover_project/ros2_ws/install/leo_description:/opt/ros/humble LD_LIBRARY_PATH=/home/podgem/leo_rover_project/ros2_ws/install/leo_gz_plugins/lib:/home/podgem/leo_rover_project/ros2_ws/install/leo_msgs/lib:/opt/ros/humble/opt/rviz_ogre_vendor/lib:/opt/ros/humble/lib/x86_64-linux-gnu:/opt/ros/humble/lib PS1=(venv) \[\e]0;\u@\h: \w\a\]${debian_chroot:+($debian_chroot)}\[\033[01;32m\]\u@\h\[\033[00m\]:\[\033[01;34m\]\w\[\033[00m\]\$ VIRTUAL_ENV_PROMPT=(venv) /usr/bin/cmake --install /home/podgem/leo_rover_project/ros2_ws/build/leo_gz_bringup
[2.113s] -- Install configuration: ""
[2.113s] -- Installing: /home/podgem/leo_rover_project/ros2_ws/install/leo_gz_bringup/share/leo_gz_bringup/launch
[2.115s] -- Installing: /home/podgem/leo_rover_project/ros2_ws/install/leo_gz_bringup/share/leo_gz_bringup/launch/spawn_robot.launch.py
[2.116s] -- Installing: /home/podgem/leo_rover_project/ros2_ws/install/leo_gz_bringup/share/leo_gz_bringup/launch/leo_gz.launch.py
[2.116s] -- Installing: /home/podgem/leo_rover_project/ros2_ws/install/leo_gz_bringup/share/ament_index/resource_index/package_run_dependencies/leo_gz_bringup
[2.116s] -- Installing: /home/podgem/leo_rover_project/ros2_ws/install/leo_gz_bringup/share/ament_index/resource_index/parent_prefix_path/leo_gz_bringup
[2.117s] -- Installing: /home/podgem/leo_rover_project/ros2_ws/install/leo_gz_bringup/share/leo_gz_bringup/environment/ament_prefix_path.sh
[2.118s] -- Installing: /home/podgem/leo_rover_project/ros2_ws/install/leo_gz_bringup/share/leo_gz_bringup/environment/ament_prefix_path.dsv
[2.118s] -- Installing: /home/podgem/leo_rover_project/ros2_ws/install/leo_gz_bringup/share/leo_gz_bringup/environment/path.sh
[2.118s] -- Installing: /home/podgem/leo_rover_project/ros2_ws/install/leo_gz_bringup/share/leo_gz_bringup/environment/path.dsv
[2.118s] -- Installing: /home/podgem/leo_rover_project/ros2_ws/install/leo_gz_bringup/share/leo_gz_bringup/local_setup.bash
[2.119s] -- Installing: /home/podgem/leo_rover_project/ros2_ws/install/leo_gz_bringup/share/leo_gz_bringup/local_setup.sh
[2.119s] -- Installing: /home/podgem/leo_rover_project/ros2_ws/install/leo_gz_bringup/share/leo_gz_bringup/local_setup.zsh
[2.119s] -- Installing: /home/podgem/leo_rover_project/ros2_ws/install/leo_gz_bringup/share/leo_gz_bringup/local_setup.dsv
[2.119s] -- Installing: /home/podgem/leo_rover_project/ros2_ws/install/leo_gz_bringup/share/leo_gz_bringup/package.dsv
[2.119s] -- Installing: /home/podgem/leo_rover_project/ros2_ws/install/leo_gz_bringup/share/ament_index/resource_index/packages/leo_gz_bringup
[2.120s] -- Installing: /home/podgem/leo_rover_project/ros2_ws/install/leo_gz_bringup/share/leo_gz_bringup/cmake/leo_gz_bringupConfig.cmake
[2.120s] -- Installing: /home/podgem/leo_rover_project/ros2_ws/install/leo_gz_bringup/share/leo_gz_bringup/cmake/leo_gz_bringupConfig-version.cmake
[2.120s] -- Installing: /home/podgem/leo_rover_project/ros2_ws/install/leo_gz_bringup/share/leo_gz_bringup/package.xml
[2.123s] Invoked command in '/home/podgem/leo_rover_project/ros2_ws/build/leo_gz_bringup' returned '0': AMENT_PREFIX_PATH=/home/podgem/leo_rover_project/ros2_ws/install/leo_gz_worlds:/home/podgem/leo_rover_project/ros2_ws/install/leo_gz_plugins:/home/podgem/leo_rover_project/ros2_ws/install/leo_description:${AMENT_PREFIX_PATH} CMAKE_PREFIX_PATH=/home/podgem/leo_rover_project/ros2_ws/install/leo_gz_worlds:/home/podgem/leo_rover_project/ros2_ws/install/leo_gz_plugins:/home/podgem/leo_rover_project/ros2_ws/install/leo_description:/opt/ros/humble LD_LIBRARY_PATH=/home/podgem/leo_rover_project/ros2_ws/install/leo_gz_plugins/lib:/home/podgem/leo_rover_project/ros2_ws/install/leo_msgs/lib:/opt/ros/humble/opt/rviz_ogre_vendor/lib:/opt/ros/humble/lib/x86_64-linux-gnu:/opt/ros/humble/lib PS1=(venv) \[\e]0;\u@\h: \w\a\]${debian_chroot:+($debian_chroot)}\[\033[01;32m\]\u@\h\[\033[00m\]:\[\033[01;34m\]\w\[\033[00m\]\$ VIRTUAL_ENV_PROMPT=(venv) /usr/bin/cmake --install /home/podgem/leo_rover_project/ros2_ws/build/leo_gz_bringup
