[0.147s] Invoking command in '/home/podgem/leo_rover_project/ros2_ws/build/leo': AMENT_PREFIX_PATH=/home/podgem/leo_rover_project/ros2_ws/install/leo_teleop:/home/podgem/leo_rover_project/ros2_ws/install/leo_msgs:/home/podgem/leo_rover_project/ros2_ws/install/leo_description:${AMENT_PREFIX_PATH} CMAKE_PREFIX_PATH=/home/podgem/leo_rover_project/ros2_ws/install/leo_teleop:/home/podgem/leo_rover_project/ros2_ws/install/leo_msgs:/home/podgem/leo_rover_project/ros2_ws/install/leo_description:/opt/ros/humble PS1=(venv) \[\e]0;\u@\h: \w\a\]${debian_chroot:+($debian_chroot)}\[\033[01;32m\]\u@\h\[\033[00m\]:\[\033[01;34m\]\w\[\033[00m\]\$ VIRTUAL_ENV_PROMPT=(venv) /usr/bin/cmake /home/podgem/leo_rover_project/ros2_ws/src/leo_common-ros2/leo -DCMAKE_INSTALL_PREFIX=/home/podgem/leo_rover_project/ros2_ws/install/leo
[0.161s] -- Found ament_cmake: 1.3.11 (/opt/ros/humble/share/ament_cmake/cmake)
[0.249s] -- Found Python3: /home/podgem/leo_rover_project/venv/bin/python3 (found version "3.10.12") found components: Interpreter 
[0.379s] -- Configuring done
[0.381s] -- Generating done
[0.381s] -- Build files have been written to: /home/podgem/leo_rover_project/ros2_ws/build/leo
[0.384s] Invoked command in '/home/podgem/leo_rover_project/ros2_ws/build/leo' returned '0': AMENT_PREFIX_PATH=/home/podgem/leo_rover_project/ros2_ws/install/leo_teleop:/home/podgem/leo_rover_project/ros2_ws/install/leo_msgs:/home/podgem/leo_rover_project/ros2_ws/install/leo_description:${AMENT_PREFIX_PATH} CMAKE_PREFIX_PATH=/home/podgem/leo_rover_project/ros2_ws/install/leo_teleop:/home/podgem/leo_rover_project/ros2_ws/install/leo_msgs:/home/podgem/leo_rover_project/ros2_ws/install/leo_description:/opt/ros/humble PS1=(venv) \[\e]0;\u@\h: \w\a\]${debian_chroot:+($debian_chroot)}\[\033[01;32m\]\u@\h\[\033[00m\]:\[\033[01;34m\]\w\[\033[00m\]\$ VIRTUAL_ENV_PROMPT=(venv) /usr/bin/cmake /home/podgem/leo_rover_project/ros2_ws/src/leo_common-ros2/leo -DCMAKE_INSTALL_PREFIX=/home/podgem/leo_rover_project/ros2_ws/install/leo
[0.385s] Invoking command in '/home/podgem/leo_rover_project/ros2_ws/build/leo': AMENT_PREFIX_PATH=/home/podgem/leo_rover_project/ros2_ws/install/leo_teleop:/home/podgem/leo_rover_project/ros2_ws/install/leo_msgs:/home/podgem/leo_rover_project/ros2_ws/install/leo_description:${AMENT_PREFIX_PATH} CMAKE_PREFIX_PATH=/home/podgem/leo_rover_project/ros2_ws/install/leo_teleop:/home/podgem/leo_rover_project/ros2_ws/install/leo_msgs:/home/podgem/leo_rover_project/ros2_ws/install/leo_description:/opt/ros/humble PS1=(venv) \[\e]0;\u@\h: \w\a\]${debian_chroot:+($debian_chroot)}\[\033[01;32m\]\u@\h\[\033[00m\]:\[\033[01;34m\]\w\[\033[00m\]\$ VIRTUAL_ENV_PROMPT=(venv) /usr/bin/cmake --build /home/podgem/leo_rover_project/ros2_ws/build/leo -- -j12 -l12
[0.407s] Invoked command in '/home/podgem/leo_rover_project/ros2_ws/build/leo' returned '0': AMENT_PREFIX_PATH=/home/podgem/leo_rover_project/ros2_ws/install/leo_teleop:/home/podgem/leo_rover_project/ros2_ws/install/leo_msgs:/home/podgem/leo_rover_project/ros2_ws/install/leo_description:${AMENT_PREFIX_PATH} CMAKE_PREFIX_PATH=/home/podgem/leo_rover_project/ros2_ws/install/leo_teleop:/home/podgem/leo_rover_project/ros2_ws/install/leo_msgs:/home/podgem/leo_rover_project/ros2_ws/install/leo_description:/opt/ros/humble PS1=(venv) \[\e]0;\u@\h: \w\a\]${debian_chroot:+($debian_chroot)}\[\033[01;32m\]\u@\h\[\033[00m\]:\[\033[01;34m\]\w\[\033[00m\]\$ VIRTUAL_ENV_PROMPT=(venv) /usr/bin/cmake --build /home/podgem/leo_rover_project/ros2_ws/build/leo -- -j12 -l12
[0.407s] Invoking command in '/home/podgem/leo_rover_project/ros2_ws/build/leo': AMENT_PREFIX_PATH=/home/podgem/leo_rover_project/ros2_ws/install/leo_teleop:/home/podgem/leo_rover_project/ros2_ws/install/leo_msgs:/home/podgem/leo_rover_project/ros2_ws/install/leo_description:${AMENT_PREFIX_PATH} CMAKE_PREFIX_PATH=/home/podgem/leo_rover_project/ros2_ws/install/leo_teleop:/home/podgem/leo_rover_project/ros2_ws/install/leo_msgs:/home/podgem/leo_rover_project/ros2_ws/install/leo_description:/opt/ros/humble PS1=(venv) \[\e]0;\u@\h: \w\a\]${debian_chroot:+($debian_chroot)}\[\033[01;32m\]\u@\h\[\033[00m\]:\[\033[01;34m\]\w\[\033[00m\]\$ VIRTUAL_ENV_PROMPT=(venv) /usr/bin/cmake --install /home/podgem/leo_rover_project/ros2_ws/build/leo
[0.412s] -- Install configuration: ""
[0.413s] -- Installing: /home/podgem/leo_rover_project/ros2_ws/install/leo/share/ament_index/resource_index/package_run_dependencies/leo
[0.413s] -- Installing: /home/podgem/leo_rover_project/ros2_ws/install/leo/share/ament_index/resource_index/parent_prefix_path/leo
[0.413s] -- Installing: /home/podgem/leo_rover_project/ros2_ws/install/leo/share/leo/environment/ament_prefix_path.sh
[0.413s] -- Installing: /home/podgem/leo_rover_project/ros2_ws/install/leo/share/leo/environment/ament_prefix_path.dsv
[0.413s] -- Installing: /home/podgem/leo_rover_project/ros2_ws/install/leo/share/leo/environment/path.sh
[0.414s] -- Installing: /home/podgem/leo_rover_project/ros2_ws/install/leo/share/leo/environment/path.dsv
[0.414s] -- Installing: /home/podgem/leo_rover_project/ros2_ws/install/leo/share/leo/local_setup.bash
[0.414s] -- Installing: /home/podgem/leo_rover_project/ros2_ws/install/leo/share/leo/local_setup.sh
[0.414s] -- Installing: /home/podgem/leo_rover_project/ros2_ws/install/leo/share/leo/local_setup.zsh
[0.414s] -- Installing: /home/podgem/leo_rover_project/ros2_ws/install/leo/share/leo/local_setup.dsv
[0.414s] -- Installing: /home/podgem/leo_rover_project/ros2_ws/install/leo/share/leo/package.dsv
[0.414s] -- Installing: /home/podgem/leo_rover_project/ros2_ws/install/leo/share/ament_index/resource_index/packages/leo
[0.414s] -- Installing: /home/podgem/leo_rover_project/ros2_ws/install/leo/share/leo/cmake/leoConfig.cmake
[0.414s] -- Installing: /home/podgem/leo_rover_project/ros2_ws/install/leo/share/leo/cmake/leoConfig-version.cmake
[0.414s] -- Installing: /home/podgem/leo_rover_project/ros2_ws/install/leo/share/leo/package.xml
[0.416s] Invoked command in '/home/podgem/leo_rover_project/ros2_ws/build/leo' returned '0': AMENT_PREFIX_PATH=/home/podgem/leo_rover_project/ros2_ws/install/leo_teleop:/home/podgem/leo_rover_project/ros2_ws/install/leo_msgs:/home/podgem/leo_rover_project/ros2_ws/install/leo_description:${AMENT_PREFIX_PATH} CMAKE_PREFIX_PATH=/home/podgem/leo_rover_project/ros2_ws/install/leo_teleop:/home/podgem/leo_rover_project/ros2_ws/install/leo_msgs:/home/podgem/leo_rover_project/ros2_ws/install/leo_description:/opt/ros/humble PS1=(venv) \[\e]0;\u@\h: \w\a\]${debian_chroot:+($debian_chroot)}\[\033[01;32m\]\u@\h\[\033[00m\]:\[\033[01;34m\]\w\[\033[00m\]\$ VIRTUAL_ENV_PROMPT=(venv) /usr/bin/cmake --install /home/podgem/leo_rover_project/ros2_ws/build/leo
