[0.077s] Invoking command in '/home/podgem/leo_rover_project/ros2_ws/build/leo_teleop': CMAKE_PREFIX_PATH=/opt/ros/humble PS1=(venv) \[\e]0;\u@\h: \w\a\]${debian_chroot:+($debian_chroot)}\[\033[01;32m\]\u@\h\[\033[00m\]:\[\033[01;34m\]\w\[\033[00m\]\$ VIRTUAL_ENV_PROMPT=(venv) /usr/bin/cmake /home/podgem/leo_rover_project/ros2_ws/src/leo_common-ros2/leo_teleop -DCMAKE_INSTALL_PREFIX=/home/podgem/leo_rover_project/ros2_ws/install/leo_teleop
[0.157s] -- The C compiler identification is GNU 11.4.0
[0.399s] -- The CXX compiler identification is GNU 11.4.0
[0.677s] -- Detecting C compiler ABI info
[0.767s] -- Detecting C compiler ABI info - done
[0.773s] -- Check for working C compiler: /usr/bin/cc - skipped
[0.774s] -- Detecting C compile features
[0.774s] -- Detecting C compile features - done
[0.776s] -- Detecting CXX compiler ABI info
[0.876s] -- Detecting CXX compiler ABI info - done
[0.885s] -- Check for working CXX compiler: /usr/bin/c++ - skipped
[0.886s] -- Detecting CXX compile features
[0.886s] -- Detecting CXX compile features - done
[0.888s] -- Found ament_cmake: 1.3.11 (/opt/ros/humble/share/ament_cmake/cmake)
[1.031s] -- Found Python3: /home/podgem/leo_rover_project/venv/bin/python3 (found version "3.10.12") found components: Interpreter 
[1.114s] -- Found ament_lint_auto: 0.12.11 (/opt/ros/humble/share/ament_lint_auto/cmake)
[1.192s] -- Added test 'lint_cmake' to check CMake code style
[1.192s] -- Added test 'xmllint' to check XML markup files
[1.193s] -- Configuring done
[1.196s] -- Generating done
[1.200s] -- Build files have been written to: /home/podgem/leo_rover_project/ros2_ws/build/leo_teleop
[1.213s] Invoked command in '/home/podgem/leo_rover_project/ros2_ws/build/leo_teleop' returned '0': CMAKE_PREFIX_PATH=/opt/ros/humble PS1=(venv) \[\e]0;\u@\h: \w\a\]${debian_chroot:+($debian_chroot)}\[\033[01;32m\]\u@\h\[\033[00m\]:\[\033[01;34m\]\w\[\033[00m\]\$ VIRTUAL_ENV_PROMPT=(venv) /usr/bin/cmake /home/podgem/leo_rover_project/ros2_ws/src/leo_common-ros2/leo_teleop -DCMAKE_INSTALL_PREFIX=/home/podgem/leo_rover_project/ros2_ws/install/leo_teleop
[1.217s] Invoking command in '/home/podgem/leo_rover_project/ros2_ws/build/leo_teleop': CMAKE_PREFIX_PATH=/opt/ros/humble PS1=(venv) \[\e]0;\u@\h: \w\a\]${debian_chroot:+($debian_chroot)}\[\033[01;32m\]\u@\h\[\033[00m\]:\[\033[01;34m\]\w\[\033[00m\]\$ VIRTUAL_ENV_PROMPT=(venv) /usr/bin/cmake --build /home/podgem/leo_rover_project/ros2_ws/build/leo_teleop -- -j12 -l12
[1.258s] Invoked command in '/home/podgem/leo_rover_project/ros2_ws/build/leo_teleop' returned '0': CMAKE_PREFIX_PATH=/opt/ros/humble PS1=(venv) \[\e]0;\u@\h: \w\a\]${debian_chroot:+($debian_chroot)}\[\033[01;32m\]\u@\h\[\033[00m\]:\[\033[01;34m\]\w\[\033[00m\]\$ VIRTUAL_ENV_PROMPT=(venv) /usr/bin/cmake --build /home/podgem/leo_rover_project/ros2_ws/build/leo_teleop -- -j12 -l12
[1.261s] Invoking command in '/home/podgem/leo_rover_project/ros2_ws/build/leo_teleop': CMAKE_PREFIX_PATH=/opt/ros/humble PS1=(venv) \[\e]0;\u@\h: \w\a\]${debian_chroot:+($debian_chroot)}\[\033[01;32m\]\u@\h\[\033[00m\]:\[\033[01;34m\]\w\[\033[00m\]\$ VIRTUAL_ENV_PROMPT=(venv) /usr/bin/cmake --install /home/podgem/leo_rover_project/ros2_ws/build/leo_teleop
[1.264s] -- Install configuration: ""
[1.265s] -- Installing: /home/podgem/leo_rover_project/ros2_ws/install/leo_teleop/share/leo_teleop/config
[1.265s] -- Installing: /home/podgem/leo_rover_project/ros2_ws/install/leo_teleop/share/leo_teleop/config/joy_config.yaml
[1.265s] -- Installing: /home/podgem/leo_rover_project/ros2_ws/install/leo_teleop/share/leo_teleop/launch
[1.266s] -- Installing: /home/podgem/leo_rover_project/ros2_ws/install/leo_teleop/share/leo_teleop/launch/joy_teleop.launch.xml
[1.266s] -- Installing: /home/podgem/leo_rover_project/ros2_ws/install/leo_teleop/share/leo_teleop/launch/key_teleop.launch.xml
[1.266s] -- Installing: /home/podgem/leo_rover_project/ros2_ws/install/leo_teleop/share/ament_index/resource_index/package_run_dependencies/leo_teleop
[1.267s] -- Installing: /home/podgem/leo_rover_project/ros2_ws/install/leo_teleop/share/ament_index/resource_index/parent_prefix_path/leo_teleop
[1.267s] -- Installing: /home/podgem/leo_rover_project/ros2_ws/install/leo_teleop/share/leo_teleop/environment/ament_prefix_path.sh
[1.267s] -- Installing: /home/podgem/leo_rover_project/ros2_ws/install/leo_teleop/share/leo_teleop/environment/ament_prefix_path.dsv
[1.268s] -- Installing: /home/podgem/leo_rover_project/ros2_ws/install/leo_teleop/share/leo_teleop/environment/path.sh
[1.268s] -- Installing: /home/podgem/leo_rover_project/ros2_ws/install/leo_teleop/share/leo_teleop/environment/path.dsv
[1.268s] -- Installing: /home/podgem/leo_rover_project/ros2_ws/install/leo_teleop/share/leo_teleop/local_setup.bash
[1.268s] -- Installing: /home/podgem/leo_rover_project/ros2_ws/install/leo_teleop/share/leo_teleop/local_setup.sh
[1.269s] -- Installing: /home/podgem/leo_rover_project/ros2_ws/install/leo_teleop/share/leo_teleop/local_setup.zsh
[1.269s] -- Installing: /home/podgem/leo_rover_project/ros2_ws/install/leo_teleop/share/leo_teleop/local_setup.dsv
[1.269s] -- Installing: /home/podgem/leo_rover_project/ros2_ws/install/leo_teleop/share/leo_teleop/package.dsv
[1.269s] -- Installing: /home/podgem/leo_rover_project/ros2_ws/install/leo_teleop/share/ament_index/resource_index/packages/leo_teleop
[1.270s] -- Installing: /home/podgem/leo_rover_project/ros2_ws/install/leo_teleop/share/leo_teleop/cmake/leo_teleopConfig.cmake
[1.270s] -- Installing: /home/podgem/leo_rover_project/ros2_ws/install/leo_teleop/share/leo_teleop/cmake/leo_teleopConfig-version.cmake
[1.270s] -- Installing: /home/podgem/leo_rover_project/ros2_ws/install/leo_teleop/share/leo_teleop/package.xml
[1.300s] Invoked command in '/home/podgem/leo_rover_project/ros2_ws/build/leo_teleop' returned '0': CMAKE_PREFIX_PATH=/opt/ros/humble PS1=(venv) \[\e]0;\u@\h: \w\a\]${debian_chroot:+($debian_chroot)}\[\033[01;32m\]\u@\h\[\033[00m\]:\[\033[01;34m\]\w\[\033[00m\]\$ VIRTUAL_ENV_PROMPT=(venv) /usr/bin/cmake --install /home/podgem/leo_rover_project/ros2_ws/build/leo_teleop
